<?xml version="1.0" encoding="UTF-8"?>
<!-- Generated by org.testng.reporters.JUnitReportReporter -->
<testsuite hostname="fv-az812-334" failures="0" tests="1" name="com.shfwd.smokeTest.DashboardTest2" time="8.148" errors="0" timestamp="2025-07-03T10:54:22 UTC" skipped="0">
  <testcase classname="com.shfwd.smokeTest.DashboardTest2" name="vaueTest" time="8.148"/>
  <system-out>
    <![CDATA[Finding element using: name:-:username
Finding element, try0 with locator:name:-:username
Finding element using: name:-:password
Finding element, try0 with locator:name:-:password
Finding element using: xpath:-://button[text()='Login']
Finding element, try0 with locator:xpath:-://button[text()='Login']
Finding element using: xpath:-:((//tr)[2]//td//input[@type='number'])[1]
Finding element, try0 with locator:xpath:-:((//tr)[2]//td//input[@type='number'])[1]
Finding element using: xpath:-:((//tr)[2]//td//input[@type='number'])[1]
Finding element, try0 with locator:xpath:-:((//tr)[2]//td//input[@type='number'])[1]
Finding element using: xpath:-:((//tr)[2]//td//input[@type='number'])[2]
Finding element, try0 with locator:xpath:-:((//tr)[2]//td//input[@type='number'])[2]
Finding element using: xpath:-:((//tr)[2]//td//input[@type='number'])[2]
Finding element, try0 with locator:xpath:-:((//tr)[2]//td//input[@type='number'])[2]
Finding element using: xpath:-:((//tr)[2]//td//input[@type='number'])[3]
Finding element, try0 with locator:xpath:-:((//tr)[2]//td//input[@type='number'])[3]
Finding element using: xpath:-:((//tr)[2]//td//input[@type='number'])[3]
Finding element, try0 with locator:xpath:-:((//tr)[2]//td//input[@type='number'])[3]
Finding element using: xpath:-:((//tr)[3]//td//input[@type='number'])[1]
Finding element, try0 with locator:xpath:-:((//tr)[3]//td//input[@type='number'])[1]
Finding element using: xpath:-:((//tr)[3]//td//input[@type='number'])[1]
Finding element, try0 with locator:xpath:-:((//tr)[3]//td//input[@type='number'])[1]
Finding element using: xpath:-:((//tr)[3]//td//input[@type='number'])[2]
Finding element, try0 with locator:xpath:-:((//tr)[3]//td//input[@type='number'])[2]
Finding element using: xpath:-:((//tr)[3]//td//input[@type='number'])[2]
Finding element, try0 with locator:xpath:-:((//tr)[3]//td//input[@type='number'])[2]
Finding element using: xpath:-:((//tr)[3]//td//input[@type='number'])[3]
Finding element, try0 with locator:xpath:-:((//tr)[3]//td//input[@type='number'])[3]
Finding element using: xpath:-:((//tr)[3]//td//input[@type='number'])[3]
Finding element, try0 with locator:xpath:-:((//tr)[3]//td//input[@type='number'])[3]
Finding element using: xpath:-:((//tr)[4]//td//input[@type='number'])[1]
Finding element, try0 with locator:xpath:-:((//tr)[4]//td//input[@type='number'])[1]
Finding element using: xpath:-:((//tr)[4]//td//input[@type='number'])[1]
Finding element, try0 with locator:xpath:-:((//tr)[4]//td//input[@type='number'])[1]
Finding element using: xpath:-:((//tr)[4]//td//input[@type='number'])[2]
Finding element, try0 with locator:xpath:-:((//tr)[4]//td//input[@type='number'])[2]
Finding element using: xpath:-:((//tr)[4]//td//input[@type='number'])[2]
Finding element, try0 with locator:xpath:-:((//tr)[4]//td//input[@type='number'])[2]
Finding element using: xpath:-:((//tr)[4]//td//input[@type='number'])[3]
Finding element, try0 with locator:xpath:-:((//tr)[4]//td//input[@type='number'])[3]
Finding element using: xpath:-:((//tr)[4]//td//input[@type='number'])[3]
Finding element, try0 with locator:xpath:-:((//tr)[4]//td//input[@type='number'])[3]
Finding element using: xpath:-:((//tr)[5]//td//input[@type='number'])[1]
Finding element, try0 with locator:xpath:-:((//tr)[5]//td//input[@type='number'])[1]
Finding element using: xpath:-:((//tr)[5]//td//input[@type='number'])[1]
Finding element, try0 with locator:xpath:-:((//tr)[5]//td//input[@type='number'])[1]
Finding element using: xpath:-:((//tr)[5]//td//input[@type='number'])[2]
Finding element, try0 with locator:xpath:-:((//tr)[5]//td//input[@type='number'])[2]
Finding element using: xpath:-:((//tr)[5]//td//input[@type='number'])[2]
Finding element, try0 with locator:xpath:-:((//tr)[5]//td//input[@type='number'])[2]
Finding element using: xpath:-:((//tr)[5]//td//input[@type='number'])[3]
Finding element, try0 with locator:xpath:-:((//tr)[5]//td//input[@type='number'])[3]
Finding element using: xpath:-:((//tr)[5]//td//input[@type='number'])[3]
Finding element, try0 with locator:xpath:-:((//tr)[5]//td//input[@type='number'])[3]
Finding element using: xpath:-:((//tr)[6]//td//input[@type='number'])[1]
Finding element, try0 with locator:xpath:-:((//tr)[6]//td//input[@type='number'])[1]
Finding element using: xpath:-:((//tr)[6]//td//input[@type='number'])[1]
Finding element, try0 with locator:xpath:-:((//tr)[6]//td//input[@type='number'])[1]
Finding element using: xpath:-:((//tr)[6]//td//input[@type='number'])[2]
Finding element, try0 with locator:xpath:-:((//tr)[6]//td//input[@type='number'])[2]
Finding element using: xpath:-:((//tr)[6]//td//input[@type='number'])[2]
Finding element, try0 with locator:xpath:-:((//tr)[6]//td//input[@type='number'])[2]
Finding element using: xpath:-:((//tr)[6]//td//input[@type='number'])[3]
Finding element, try0 with locator:xpath:-:((//tr)[6]//td//input[@type='number'])[3]
Finding element using: xpath:-:((//tr)[6]//td//input[@type='number'])[3]
Finding element, try0 with locator:xpath:-:((//tr)[6]//td//input[@type='number'])[3]
Finding element using: xpath:-:((//tr)[7]//td//input[@type='number'])[1]
Finding element, try0 with locator:xpath:-:((//tr)[7]//td//input[@type='number'])[1]
Finding element using: xpath:-:((//tr)[7]//td//input[@type='number'])[1]
Finding element, try0 with locator:xpath:-:((//tr)[7]//td//input[@type='number'])[1]
Finding element using: xpath:-:((//tr)[7]//td//input[@type='number'])[2]
Finding element, try0 with locator:xpath:-:((//tr)[7]//td//input[@type='number'])[2]
Finding element using: xpath:-:((//tr)[7]//td//input[@type='number'])[2]
Finding element, try0 with locator:xpath:-:((//tr)[7]//td//input[@type='number'])[2]
Finding element using: xpath:-:((//tr)[7]//td//input[@type='number'])[3]
Finding element, try0 with locator:xpath:-:((//tr)[7]//td//input[@type='number'])[3]
Finding element using: xpath:-:((//tr)[7]//td//input[@type='number'])[3]
Finding element, try0 with locator:xpath:-:((//tr)[7]//td//input[@type='number'])[3]
Finding element using: xpath:-:((//tr)[8]//td//input[@type='number'])[1]
Finding element, try0 with locator:xpath:-:((//tr)[8]//td//input[@type='number'])[1]
Finding element using: xpath:-:((//tr)[8]//td//input[@type='number'])[1]
Finding element, try0 with locator:xpath:-:((//tr)[8]//td//input[@type='number'])[1]
Finding element using: xpath:-:((//tr)[8]//td//input[@type='number'])[2]
Finding element, try0 with locator:xpath:-:((//tr)[8]//td//input[@type='number'])[2]
Finding element using: xpath:-:((//tr)[8]//td//input[@type='number'])[2]
Finding element, try0 with locator:xpath:-:((//tr)[8]//td//input[@type='number'])[2]
Finding element using: xpath:-:((//tr)[8]//td//input[@type='number'])[3]
Finding element, try0 with locator:xpath:-:((//tr)[8]//td//input[@type='number'])[3]
Finding element using: xpath:-:((//tr)[8]//td//input[@type='number'])[3]
Finding element, try0 with locator:xpath:-:((//tr)[8]//td//input[@type='number'])[3]]]>
  </system-out>
</testsuite> <!-- com.shfwd.smokeTest.DashboardTest2 -->
