<?xml version="1.0" encoding="UTF-8"?>
<!-- Generated by org.testng.reporters.JUnitReportReporter -->
<testsuite hostname="Thinkitives-MacBook-Pro.local" failures="0" tests="1" name="com.shfwd.smokeTest.LoginFunctinalityTest4" time="6.413" errors="0" timestamp="2024-08-07T14:38:30 IST" skipped="0">
  <testcase classname="com.shfwd.smokeTest.LoginFunctinalityTest4" name="addPatients" time="6.413"/>
  <system-out>
    <![CDATA[Finding element using: id:-:username
Finding element, try0 with locator:id:-:username
Finding element using: xpath:-://span[text()='Continue']
Finding element, try0 with locator:xpath:-://span[text()='Continue']
Finding element using: id:-:password
Finding element, try0 with locator:id:-:password
Finding element using: xpath:-://span[text()='Log in']
Finding element, try0 with locator:xpath:-://span[text()='Log in']]]>
  </system-out>
</testsuite> <!-- com.shfwd.smokeTest.LoginFunctinalityTest4 -->
