<?xml version="1.0" encoding="UTF-8"?>
<!-- Generated by org.testng.reporters.JUnitReportReporter -->
<testsuite hostname="Thinkitives-MacBook-Pro.local" failures="0" tests="1" name="com.shfwd.smokeTest.DashboardTest" time="7.944" errors="0" timestamp="2024-09-12T21:21:55 IST" skipped="0">
  <testcase classname="com.shfwd.smokeTest.DashboardTest" name="vaueTest" time="7.944"/>
  <system-out>
    <![CDATA[Finding element using: name:-:username
Finding element, try0 with locator:name:-:username
Finding element, try1 with locator:name:-:username
Finding element using: name:-:password
Finding element, try0 with locator:name:-:password
Finding element using: xpath:-://button[text()='Login']
Finding element, try0 with locator:xpath:-://button[text()='Login']
Finding element using: xpath:-:((//tr)[2]//td//input[@type='number'])[1]
Finding element, try0 with locator:xpath:-:((//tr)[2]//td//input[@type='number'])[1]
Finding element using: xpath:-:((//tr)[2]//td//input[@type='number'])[1]
Finding element, try0 with locator:xpath:-:((//tr)[2]//td//input[@type='number'])[1]
Finding element using: xpath:-:((//tr)[2]//td//input[@type='number'])[2]
Finding element, try0 with locator:xpath:-:((//tr)[2]//td//input[@type='number'])[2]
Finding element using: xpath:-:((//tr)[2]//td//input[@type='number'])[2]
Finding element, try0 with locator:xpath:-:((//tr)[2]//td//input[@type='number'])[2]
Finding element using: xpath:-:((//tr)[2]//td//input[@type='number'])[3]
Finding element, try0 with locator:xpath:-:((//tr)[2]//td//input[@type='number'])[3]
Finding element using: xpath:-:((//tr)[2]//td//input[@type='number'])[3]
Finding element, try0 with locator:xpath:-:((//tr)[2]//td//input[@type='number'])[3]
Finding element using: xpath:-:((//tr)[3]//td//input[@type='number'])[1]
Finding element, try0 with locator:xpath:-:((//tr)[3]//td//input[@type='number'])[1]
Finding element using: xpath:-:((//tr)[3]//td//input[@type='number'])[1]
Finding element, try0 with locator:xpath:-:((//tr)[3]//td//input[@type='number'])[1]
Finding element using: xpath:-:((//tr)[3]//td//input[@type='number'])[2]
Finding element, try0 with locator:xpath:-:((//tr)[3]//td//input[@type='number'])[2]
Finding element using: xpath:-:((//tr)[3]//td//input[@type='number'])[2]
Finding element, try0 with locator:xpath:-:((//tr)[3]//td//input[@type='number'])[2]
Finding element using: xpath:-:((//tr)[3]//td//input[@type='number'])[3]
Finding element, try0 with locator:xpath:-:((//tr)[3]//td//input[@type='number'])[3]
Finding element using: xpath:-:((//tr)[3]//td//input[@type='number'])[3]
Finding element, try0 with locator:xpath:-:((//tr)[3]//td//input[@type='number'])[3]
Finding element using: xpath:-:((//tr)[4]//td//input[@type='number'])[1]
Finding element, try0 with locator:xpath:-:((//tr)[4]//td//input[@type='number'])[1]
Finding element using: xpath:-:((//tr)[4]//td//input[@type='number'])[1]
Finding element, try0 with locator:xpath:-:((//tr)[4]//td//input[@type='number'])[1]
Finding element using: xpath:-:((//tr)[4]//td//input[@type='number'])[2]
Finding element, try0 with locator:xpath:-:((//tr)[4]//td//input[@type='number'])[2]
Finding element using: xpath:-:((//tr)[4]//td//input[@type='number'])[2]
Finding element, try0 with locator:xpath:-:((//tr)[4]//td//input[@type='number'])[2]
Finding element using: xpath:-:((//tr)[4]//td//input[@type='number'])[3]
Finding element, try0 with locator:xpath:-:((//tr)[4]//td//input[@type='number'])[3]
Finding element using: xpath:-:((//tr)[4]//td//input[@type='number'])[3]
Finding element, try0 with locator:xpath:-:((//tr)[4]//td//input[@type='number'])[3]
Finding element using: xpath:-:((//tr)[5]//td//input[@type='number'])[1]
Finding element, try0 with locator:xpath:-:((//tr)[5]//td//input[@type='number'])[1]
Finding element using: xpath:-:((//tr)[5]//td//input[@type='number'])[1]
Finding element, try0 with locator:xpath:-:((//tr)[5]//td//input[@type='number'])[1]
Finding element using: xpath:-:((//tr)[5]//td//input[@type='number'])[2]
Finding element, try0 with locator:xpath:-:((//tr)[5]//td//input[@type='number'])[2]
Finding element using: xpath:-:((//tr)[5]//td//input[@type='number'])[2]
Finding element, try0 with locator:xpath:-:((//tr)[5]//td//input[@type='number'])[2]
Finding element using: xpath:-:((//tr)[5]//td//input[@type='number'])[3]
Finding element, try0 with locator:xpath:-:((//tr)[5]//td//input[@type='number'])[3]
Finding element using: xpath:-:((//tr)[5]//td//input[@type='number'])[3]
Finding element, try0 with locator:xpath:-:((//tr)[5]//td//input[@type='number'])[3]
Finding element using: xpath:-:((//tr)[6]//td//input[@type='number'])[1]
Finding element, try0 with locator:xpath:-:((//tr)[6]//td//input[@type='number'])[1]
Finding element using: xpath:-:((//tr)[6]//td//input[@type='number'])[1]
Finding element, try0 with locator:xpath:-:((//tr)[6]//td//input[@type='number'])[1]
Finding element using: xpath:-:((//tr)[6]//td//input[@type='number'])[2]
Finding element, try0 with locator:xpath:-:((//tr)[6]//td//input[@type='number'])[2]
Finding element using: xpath:-:((//tr)[6]//td//input[@type='number'])[2]
Finding element, try0 with locator:xpath:-:((//tr)[6]//td//input[@type='number'])[2]
Finding element using: xpath:-:((//tr)[6]//td//input[@type='number'])[3]
Finding element, try0 with locator:xpath:-:((//tr)[6]//td//input[@type='number'])[3]
Finding element using: xpath:-:((//tr)[6]//td//input[@type='number'])[3]
Finding element, try0 with locator:xpath:-:((//tr)[6]//td//input[@type='number'])[3]
Finding element using: xpath:-:((//tr)[7]//td//input[@type='number'])[1]
Finding element, try0 with locator:xpath:-:((//tr)[7]//td//input[@type='number'])[1]
Finding element using: xpath:-:((//tr)[7]//td//input[@type='number'])[1]
Finding element, try0 with locator:xpath:-:((//tr)[7]//td//input[@type='number'])[1]
Finding element using: xpath:-:((//tr)[7]//td//input[@type='number'])[2]
Finding element, try0 with locator:xpath:-:((//tr)[7]//td//input[@type='number'])[2]
Finding element using: xpath:-:((//tr)[7]//td//input[@type='number'])[2]
Finding element, try0 with locator:xpath:-:((//tr)[7]//td//input[@type='number'])[2]
Finding element using: xpath:-:((//tr)[7]//td//input[@type='number'])[3]
Finding element, try0 with locator:xpath:-:((//tr)[7]//td//input[@type='number'])[3]
Finding element using: xpath:-:((//tr)[7]//td//input[@type='number'])[3]
Finding element, try0 with locator:xpath:-:((//tr)[7]//td//input[@type='number'])[3]
Finding element using: xpath:-:((//tr)[8]//td//input[@type='number'])[1]
Finding element, try0 with locator:xpath:-:((//tr)[8]//td//input[@type='number'])[1]
Finding element using: xpath:-:((//tr)[8]//td//input[@type='number'])[1]
Finding element, try0 with locator:xpath:-:((//tr)[8]//td//input[@type='number'])[1]
Finding element using: xpath:-:((//tr)[8]//td//input[@type='number'])[2]
Finding element, try0 with locator:xpath:-:((//tr)[8]//td//input[@type='number'])[2]
Finding element using: xpath:-:((//tr)[8]//td//input[@type='number'])[2]
Finding element, try0 with locator:xpath:-:((//tr)[8]//td//input[@type='number'])[2]
Finding element using: xpath:-:((//tr)[8]//td//input[@type='number'])[3]
Finding element, try0 with locator:xpath:-:((//tr)[8]//td//input[@type='number'])[3]
Finding element using: xpath:-:((//tr)[8]//td//input[@type='number'])[3]
Finding element, try0 with locator:xpath:-:((//tr)[8]//td//input[@type='number'])[3]]]>
  </system-out>
</testsuite> <!-- com.shfwd.smokeTest.DashboardTest -->
