<?xml version="1.0" encoding="UTF-8"?>
<!-- Generated by org.testng.reporters.JUnitReportReporter -->
<testsuite hostname="Thinkitives-MacBook-Pro.local" failures="0" tests="1" name="com.shfwd.smokeTest.LoginFunctinalityTest3" time="13.475" errors="0" timestamp="2024-09-12T17:41:24 IST" skipped="0">
  <testcase classname="com.shfwd.smokeTest.LoginFunctinalityTest3" name="createProvider" time="13.475"/>
  <system-out>
    <![CDATA[Finding element using: name:-:username
Finding element, try0 with locator:name:-:username
Finding element, try1 with locator:name:-:username
Finding element using: name:-:password
Finding element, try0 with locator:name:-:password
Finding element using: xpath:-://button[text()='Login']
Finding element, try0 with locator:xpath:-://button[text()='Login']]]>
  </system-out>
</testsuite> <!-- com.shfwd.smokeTest.LoginFunctinalityTest3 -->
