<?xml version="1.0" encoding="UTF-8"?>
<!-- Generated by org.testng.reporters.JUnitReportReporter -->
<testsuite hostname="Thinkitives-MacBook-Pro.local" failures="0" tests="1" name="com.shfwd.smokeTest.LoginFunctinalityTest2" time="12.798" errors="0" timestamp="2024-07-29T01:27:44 IST" skipped="0">
  <testcase classname="com.shfwd.smokeTest.LoginFunctinalityTest2" name="addPatients" time="12.798"/>
  <system-out>
    <![CDATA[Finding element using: xpath:-://a[text()='Selenium Grid']
Finding element, try0 with locator:xpath:-://a[text()='Selenium Grid']]]>
  </system-out>
</testsuite> <!-- com.shfwd.smokeTest.LoginFunctinalityTest2 -->
