<?xml version="1.0" encoding="UTF-8"?>
<testsuite xmlns:xsi="http://www.w3.org/2001/XMLSchema-instance" xsi:noNamespaceSchemaLocation="https://maven.apache.org/surefire/maven-surefire-plugin/xsd/surefire-test-report.xsd" name="TestSuite" time="54.987" tests="3" errors="0" skipped="0" failures="0">
  <properties>
[...]
</properties>
  <testcase name="vaueTest" classname="com.shfwd.smokeTest.DashboardTest" time="51.284"/>
  <testcase name="vaueTest" classname="com.shfwd.smokeTest.DashboardTest" time="51.429"/>
  <testcase name="vaueTest" classname="com.shfwd.smokeTest.DashboardTest2" time="53.981"/>
</testsuite>