<?xml version="1.0" encoding="UTF-8"?>
<testng-results ignored="0" total="3" passed="3" failed="0" skipped="0">
  <reporter-output>
    <line>
      <![CDATA[url:http://apis-laboriosa.resonanzgroup.com/login]]>
    </line>
    <line>
      <![CDATA[url:http://apis-laboriosa.resonanzgroup.com/login]]>
    </line>
    <line>
      <![CDATA[url:http://apis-laboriosa.resonanzgroup.com/login]]>
    </line>
    <line>
      <![CDATA[browserName:chrome]]>
    </line>
    <line>
      <![CDATA[browserName:chrome]]>
    </line>
    <line>
      <![CDATA[driverAgent:null]]>
    </line>
    <line>
      <![CDATA[executionEnvironment:local]]>
    </line>
    <line>
      <![CDATA[browserStackUserName:null]]>
    </line>
    <line>
      <![CDATA[browserStackAuthKey:null]]>
    </line>
    <line>
      <![CDATA[browserStackBrowserVersion:null]]>
    </line>
    <line>
      <![CDATA[browserStackOSVersion:null]]>
    </line>
    <line>
      <![CDATA[os:null]]>
    </line>
    <line>
      <![CDATA[outputPath:output]]>
    </line>
    <line>
      <![CDATA[driverAgent:null]]>
    </line>
    <line>
      <![CDATA[executionEnvironment:local]]>
    </line>
    <line>
      <![CDATA[browserStackUserName:null]]>
    </line>
    <line>
      <![CDATA[browserStackAuthKey:null]]>
    </line>
    <line>
      <![CDATA[browserStackBrowserVersion:null]]>
    </line>
    <line>
      <![CDATA[browserStackOSVersion:null]]>
    </line>
    <line>
      <![CDATA[os:null]]>
    </line>
    <line>
      <![CDATA[outputPath:output]]>
    </line>
    <line>
      <![CDATA[browserName:chrome]]>
    </line>
    <line>
      <![CDATA[driverAgent:null]]>
    </line>
    <line>
      <![CDATA[executionEnvironment:local]]>
    </line>
    <line>
      <![CDATA[browserStackUserName:null]]>
    </line>
    <line>
      <![CDATA[browserStackAuthKey:null]]>
    </line>
    <line>
      <![CDATA[browserStackBrowserVersion:null]]>
    </line>
    <line>
      <![CDATA[browserStackOSVersion:null]]>
    </line>
    <line>
      <![CDATA[os:null]]>
    </line>
    <line>
      <![CDATA[outputPath:output]]>
    </line>
    <line>
      <![CDATA[Finding element using: name:-:username]]>
    </line>
    <line>
      <![CDATA[Finding element, try0 with locator:name:-:username]]>
    </line>
    <line>
      <![CDATA[Finding element using: name:-:username]]>
    </line>
    <line>
      <![CDATA[Finding element, try0 with locator:name:-:username]]>
    </line>
    <line>
      <![CDATA[Finding element using: name:-:username]]>
    </line>
    <line>
      <![CDATA[Finding element, try0 with locator:name:-:username]]>
    </line>
    <line>
      <![CDATA[Finding element using: name:-:password]]>
    </line>
    <line>
      <![CDATA[Finding element, try0 with locator:name:-:password]]>
    </line>
    <line>
      <![CDATA[Finding element using: name:-:password]]>
    </line>
    <line>
      <![CDATA[Finding element, try0 with locator:name:-:password]]>
    </line>
    <line>
      <![CDATA[Finding element using: xpath:-://button[text()='Login']]]>
    </line>
    <line>
      <![CDATA[Finding element, try0 with locator:xpath:-://button[text()='Login']]]>
    </line>
    <line>
      <![CDATA[Finding element using: xpath:-://button[text()='Login']]]>
    </line>
    <line>
      <![CDATA[Finding element, try0 with locator:xpath:-://button[text()='Login']]]>
    </line>
    <line>
      <![CDATA[Finding element, try1 with locator:name:-:username]]>
    </line>
    <line>
      <![CDATA[Finding element using: xpath:-:((//tr)[2]//td//input[@type='number'])[1]]]>
    </line>
    <line>
      <![CDATA[Finding element, try0 with locator:xpath:-:((//tr)[2]//td//input[@type='number'])[1]]]>
    </line>
    <line>
      <![CDATA[Finding element using: xpath:-:((//tr)[2]//td//input[@type='number'])[1]]]>
    </line>
    <line>
      <![CDATA[Finding element, try0 with locator:xpath:-:((//tr)[2]//td//input[@type='number'])[1]]]>
    </line>
    <line>
      <![CDATA[Finding element using: xpath:-:((//tr)[2]//td//input[@type='number'])[2]]]>
    </line>
    <line>
      <![CDATA[Finding element, try0 with locator:xpath:-:((//tr)[2]//td//input[@type='number'])[2]]]>
    </line>
    <line>
      <![CDATA[Finding element using: xpath:-:((//tr)[2]//td//input[@type='number'])[2]]]>
    </line>
    <line>
      <![CDATA[Finding element, try0 with locator:xpath:-:((//tr)[2]//td//input[@type='number'])[2]]]>
    </line>
    <line>
      <![CDATA[Finding element using: xpath:-:((//tr)[2]//td//input[@type='number'])[3]]]>
    </line>
    <line>
      <![CDATA[Finding element, try0 with locator:xpath:-:((//tr)[2]//td//input[@type='number'])[3]]]>
    </line>
    <line>
      <![CDATA[Finding element using: xpath:-:((//tr)[2]//td//input[@type='number'])[3]]]>
    </line>
    <line>
      <![CDATA[Finding element, try0 with locator:xpath:-:((//tr)[2]//td//input[@type='number'])[3]]]>
    </line>
    <line>
      <![CDATA[Finding element using: xpath:-:((//tr)[3]//td//input[@type='number'])[1]]]>
    </line>
    <line>
      <![CDATA[Finding element, try0 with locator:xpath:-:((//tr)[3]//td//input[@type='number'])[1]]]>
    </line>
    <line>
      <![CDATA[Finding element using: xpath:-:((//tr)[3]//td//input[@type='number'])[1]]]>
    </line>
    <line>
      <![CDATA[Finding element, try0 with locator:xpath:-:((//tr)[3]//td//input[@type='number'])[1]]]>
    </line>
    <line>
      <![CDATA[Finding element using: xpath:-:((//tr)[3]//td//input[@type='number'])[2]]]>
    </line>
    <line>
      <![CDATA[Finding element, try0 with locator:xpath:-:((//tr)[3]//td//input[@type='number'])[2]]]>
    </line>
    <line>
      <![CDATA[Finding element using: xpath:-:((//tr)[3]//td//input[@type='number'])[2]]]>
    </line>
    <line>
      <![CDATA[Finding element, try0 with locator:xpath:-:((//tr)[3]//td//input[@type='number'])[2]]]>
    </line>
    <line>
      <![CDATA[Finding element using: xpath:-:((//tr)[3]//td//input[@type='number'])[3]]]>
    </line>
    <line>
      <![CDATA[Finding element, try0 with locator:xpath:-:((//tr)[3]//td//input[@type='number'])[3]]]>
    </line>
    <line>
      <![CDATA[Finding element using: xpath:-:((//tr)[3]//td//input[@type='number'])[3]]]>
    </line>
    <line>
      <![CDATA[Finding element, try0 with locator:xpath:-:((//tr)[3]//td//input[@type='number'])[3]]]>
    </line>
    <line>
      <![CDATA[Finding element using: xpath:-:((//tr)[4]//td//input[@type='number'])[1]]]>
    </line>
    <line>
      <![CDATA[Finding element, try0 with locator:xpath:-:((//tr)[4]//td//input[@type='number'])[1]]]>
    </line>
    <line>
      <![CDATA[Finding element using: xpath:-:((//tr)[4]//td//input[@type='number'])[1]]]>
    </line>
    <line>
      <![CDATA[Finding element, try0 with locator:xpath:-:((//tr)[4]//td//input[@type='number'])[1]]]>
    </line>
    <line>
      <![CDATA[Finding element using: xpath:-:((//tr)[4]//td//input[@type='number'])[2]]]>
    </line>
    <line>
      <![CDATA[Finding element, try0 with locator:xpath:-:((//tr)[4]//td//input[@type='number'])[2]]]>
    </line>
    <line>
      <![CDATA[Finding element using: xpath:-:((//tr)[4]//td//input[@type='number'])[2]]]>
    </line>
    <line>
      <![CDATA[Finding element, try0 with locator:xpath:-:((//tr)[4]//td//input[@type='number'])[2]]]>
    </line>
    <line>
      <![CDATA[Finding element using: xpath:-:((//tr)[4]//td//input[@type='number'])[3]]]>
    </line>
    <line>
      <![CDATA[Finding element, try0 with locator:xpath:-:((//tr)[4]//td//input[@type='number'])[3]]]>
    </line>
    <line>
      <![CDATA[Finding element using: xpath:-:((//tr)[4]//td//input[@type='number'])[3]]]>
    </line>
    <line>
      <![CDATA[Finding element, try0 with locator:xpath:-:((//tr)[4]//td//input[@type='number'])[3]]]>
    </line>
    <line>
      <![CDATA[Finding element using: xpath:-:((//tr)[5]//td//input[@type='number'])[1]]]>
    </line>
    <line>
      <![CDATA[Finding element, try0 with locator:xpath:-:((//tr)[5]//td//input[@type='number'])[1]]]>
    </line>
    <line>
      <![CDATA[Finding element using: xpath:-:((//tr)[5]//td//input[@type='number'])[1]]]>
    </line>
    <line>
      <![CDATA[Finding element, try0 with locator:xpath:-:((//tr)[5]//td//input[@type='number'])[1]]]>
    </line>
    <line>
      <![CDATA[Finding element using: xpath:-:((//tr)[5]//td//input[@type='number'])[2]]]>
    </line>
    <line>
      <![CDATA[Finding element, try0 with locator:xpath:-:((//tr)[5]//td//input[@type='number'])[2]]]>
    </line>
    <line>
      <![CDATA[Finding element using: xpath:-:((//tr)[5]//td//input[@type='number'])[2]]]>
    </line>
    <line>
      <![CDATA[Finding element, try0 with locator:xpath:-:((//tr)[5]//td//input[@type='number'])[2]]]>
    </line>
    <line>
      <![CDATA[Finding element using: xpath:-:((//tr)[5]//td//input[@type='number'])[3]]]>
    </line>
    <line>
      <![CDATA[Finding element, try0 with locator:xpath:-:((//tr)[5]//td//input[@type='number'])[3]]]>
    </line>
    <line>
      <![CDATA[Finding element using: xpath:-:((//tr)[5]//td//input[@type='number'])[3]]]>
    </line>
    <line>
      <![CDATA[Finding element, try0 with locator:xpath:-:((//tr)[5]//td//input[@type='number'])[3]]]>
    </line>
    <line>
      <![CDATA[Finding element using: xpath:-:((//tr)[6]//td//input[@type='number'])[1]]]>
    </line>
    <line>
      <![CDATA[Finding element, try0 with locator:xpath:-:((//tr)[6]//td//input[@type='number'])[1]]]>
    </line>
    <line>
      <![CDATA[Finding element using: xpath:-:((//tr)[6]//td//input[@type='number'])[1]]]>
    </line>
    <line>
      <![CDATA[Finding element, try0 with locator:xpath:-:((//tr)[6]//td//input[@type='number'])[1]]]>
    </line>
    <line>
      <![CDATA[Finding element using: xpath:-:((//tr)[6]//td//input[@type='number'])[2]]]>
    </line>
    <line>
      <![CDATA[Finding element, try0 with locator:xpath:-:((//tr)[6]//td//input[@type='number'])[2]]]>
    </line>
    <line>
      <![CDATA[Finding element using: xpath:-:((//tr)[6]//td//input[@type='number'])[2]]]>
    </line>
    <line>
      <![CDATA[Finding element, try0 with locator:xpath:-:((//tr)[6]//td//input[@type='number'])[2]]]>
    </line>
    <line>
      <![CDATA[Finding element using: xpath:-:((//tr)[6]//td//input[@type='number'])[3]]]>
    </line>
    <line>
      <![CDATA[Finding element, try0 with locator:xpath:-:((//tr)[6]//td//input[@type='number'])[3]]]>
    </line>
    <line>
      <![CDATA[Finding element using: xpath:-:((//tr)[6]//td//input[@type='number'])[3]]]>
    </line>
    <line>
      <![CDATA[Finding element, try0 with locator:xpath:-:((//tr)[6]//td//input[@type='number'])[3]]]>
    </line>
    <line>
      <![CDATA[Finding element using: xpath:-:((//tr)[7]//td//input[@type='number'])[1]]]>
    </line>
    <line>
      <![CDATA[Finding element, try0 with locator:xpath:-:((//tr)[7]//td//input[@type='number'])[1]]]>
    </line>
    <line>
      <![CDATA[Finding element using: xpath:-:((//tr)[7]//td//input[@type='number'])[1]]]>
    </line>
    <line>
      <![CDATA[Finding element, try0 with locator:xpath:-:((//tr)[7]//td//input[@type='number'])[1]]]>
    </line>
    <line>
      <![CDATA[Finding element using: xpath:-:((//tr)[7]//td//input[@type='number'])[2]]]>
    </line>
    <line>
      <![CDATA[Finding element, try0 with locator:xpath:-:((//tr)[7]//td//input[@type='number'])[2]]]>
    </line>
    <line>
      <![CDATA[Finding element using: xpath:-:((//tr)[7]//td//input[@type='number'])[2]]]>
    </line>
    <line>
      <![CDATA[Finding element, try0 with locator:xpath:-:((//tr)[7]//td//input[@type='number'])[2]]]>
    </line>
    <line>
      <![CDATA[Finding element using: xpath:-:((//tr)[7]//td//input[@type='number'])[3]]]>
    </line>
    <line>
      <![CDATA[Finding element, try0 with locator:xpath:-:((//tr)[7]//td//input[@type='number'])[3]]]>
    </line>
    <line>
      <![CDATA[Finding element using: xpath:-:((//tr)[7]//td//input[@type='number'])[3]]]>
    </line>
    <line>
      <![CDATA[Finding element, try0 with locator:xpath:-:((//tr)[7]//td//input[@type='number'])[3]]]>
    </line>
    <line>
      <![CDATA[Finding element using: xpath:-:((//tr)[8]//td//input[@type='number'])[1]]]>
    </line>
    <line>
      <![CDATA[Finding element, try0 with locator:xpath:-:((//tr)[8]//td//input[@type='number'])[1]]]>
    </line>
    <line>
      <![CDATA[Finding element using: xpath:-:((//tr)[8]//td//input[@type='number'])[1]]]>
    </line>
    <line>
      <![CDATA[Finding element, try0 with locator:xpath:-:((//tr)[8]//td//input[@type='number'])[1]]]>
    </line>
    <line>
      <![CDATA[Finding element using: xpath:-:((//tr)[8]//td//input[@type='number'])[2]]]>
    </line>
    <line>
      <![CDATA[Finding element, try0 with locator:xpath:-:((//tr)[8]//td//input[@type='number'])[2]]]>
    </line>
    <line>
      <![CDATA[Finding element using: xpath:-:((//tr)[8]//td//input[@type='number'])[2]]]>
    </line>
    <line>
      <![CDATA[Finding element, try0 with locator:xpath:-:((//tr)[8]//td//input[@type='number'])[2]]]>
    </line>
    <line>
      <![CDATA[Finding element using: xpath:-:((//tr)[8]//td//input[@type='number'])[3]]]>
    </line>
    <line>
      <![CDATA[Finding element, try0 with locator:xpath:-:((//tr)[8]//td//input[@type='number'])[3]]]>
    </line>
    <line>
      <![CDATA[Finding element using: xpath:-:((//tr)[8]//td//input[@type='number'])[3]]]>
    </line>
    <line>
      <![CDATA[Finding element, try0 with locator:xpath:-:((//tr)[8]//td//input[@type='number'])[3]]]>
    </line>
    <line>
      <![CDATA[Closing the Browser Successfully]]>
    </line>
    <line>
      <![CDATA[Closing the Browser Successfully]]>
    </line>
    <line>
      <![CDATA[Finding element using: name:-:password]]>
    </line>
    <line>
      <![CDATA[Finding element, try0 with locator:name:-:password]]>
    </line>
    <line>
      <![CDATA[Finding element using: xpath:-://button[text()='Login']]]>
    </line>
    <line>
      <![CDATA[Finding element, try0 with locator:xpath:-://button[text()='Login']]]>
    </line>
    <line>
      <![CDATA[Closing the Browser Successfully]]>
    </line>
  </reporter-output>
  <suite started-at="2025-07-03T08:29:19 UTC" name="Regression" finished-at="2025-07-03T08:30:13 UTC" duration-ms="54216">
    <groups>
    </groups>
    <test started-at="2025-07-03T08:29:19 UTC" name="SignUpValidationTest1" finished-at="2025-07-03T08:30:10 UTC" duration-ms="51546">
      <class name="com.shfwd.smokeTest.DashboardTest">
        <test-method is-config="true" signature="setUp(org.testng.ITestContext)[pri:0, instance:com.shfwd.smokeTest.DashboardTest@ef9296d]" started-at="2025-07-03T08:29:19 UTC" name="setUp" finished-at="2025-07-03T08:29:19 UTC" duration-ms="94" status="PASS">
          <params>
            <param index="0">
              <value>
                <![CDATA[org.testng.TestRunner@44ebcd03]]>
              </value>
            </param>
          </params>
          <reporter-output>
          </reporter-output>
        </test-method> <!-- setUp -->
        <test-method is-config="true" signature="setUp()[pri:0, instance:com.shfwd.smokeTest.DashboardTest@ef9296d]" started-at="2025-07-03T08:29:19 UTC" name="setUp" finished-at="2025-07-03T08:29:19 UTC" duration-ms="13" status="PASS">
          <reporter-output>
            <line>
              <![CDATA[url:http://apis-laboriosa.resonanzgroup.com/login]]>
            </line>
            <line>
              <![CDATA[browserName:chrome]]>
            </line>
            <line>
              <![CDATA[driverAgent:null]]>
            </line>
            <line>
              <![CDATA[executionEnvironment:local]]>
            </line>
            <line>
              <![CDATA[browserStackUserName:null]]>
            </line>
            <line>
              <![CDATA[browserStackAuthKey:null]]>
            </line>
            <line>
              <![CDATA[browserStackBrowserVersion:null]]>
            </line>
            <line>
              <![CDATA[browserStackOSVersion:null]]>
            </line>
            <line>
              <![CDATA[os:null]]>
            </line>
            <line>
              <![CDATA[outputPath:output]]>
            </line>
          </reporter-output>
        </test-method> <!-- setUp -->
        <test-method signature="vaueTest()[pri:0, instance:com.shfwd.smokeTest.DashboardTest@ef9296d]" started-at="2025-07-03T08:29:19 UTC" name="vaueTest" finished-at="2025-07-03T08:30:10 UTC" duration-ms="51288" status="PASS">
          <reporter-output>
            <line>
              <![CDATA[Finding element using: name:-:username]]>
            </line>
            <line>
              <![CDATA[Finding element, try0 with locator:name:-:username]]>
            </line>
            <line>
              <![CDATA[Finding element using: name:-:password]]>
            </line>
            <line>
              <![CDATA[Finding element, try0 with locator:name:-:password]]>
            </line>
            <line>
              <![CDATA[Finding element using: xpath:-://button[text()='Login']]]>
            </line>
            <line>
              <![CDATA[Finding element, try0 with locator:xpath:-://button[text()='Login']]]>
            </line>
          </reporter-output>
        </test-method> <!-- vaueTest -->
        <test-method is-config="true" signature="checkAlerts(org.testng.ITestResult)[pri:0, instance:com.shfwd.smokeTest.DashboardTest@ef9296d]" started-at="2025-07-03T08:30:10 UTC" name="checkAlerts" finished-at="2025-07-03T08:30:10 UTC" duration-ms="119" status="PASS">
          <params>
            <param index="0">
              <value>
                <![CDATA[[TestResult name=vaueTest status=SUCCESS method=DashboardTest.vaueTest()[pri:0, instance:com.shfwd.smokeTest.DashboardTest@ef9296d] output=Finding element using: name:-:username]]]>
              </value>
            </param>
          </params>
          <reporter-output>
          </reporter-output>
        </test-method> <!-- checkAlerts -->
        <test-method is-config="true" signature="quitBrowser()[pri:0, instance:com.shfwd.smokeTest.DashboardTest@ef9296d]" started-at="2025-07-03T08:30:10 UTC" name="quitBrowser" finished-at="2025-07-03T08:30:10 UTC" duration-ms="0" status="PASS">
          <reporter-output>
            <line>
              <![CDATA[Closing the Browser Successfully]]>
            </line>
          </reporter-output>
        </test-method> <!-- quitBrowser -->
      </class> <!-- com.shfwd.smokeTest.DashboardTest -->
    </test> <!-- SignUpValidationTest1 -->
    <test started-at="2025-07-03T08:29:19 UTC" name="SignUpValidationTest" finished-at="2025-07-03T08:30:11 UTC" duration-ms="51682">
      <class name="com.shfwd.smokeTest.DashboardTest">
        <test-method is-config="true" signature="setUp(org.testng.ITestContext)[pri:0, instance:com.shfwd.smokeTest.DashboardTest@1ffe63b9]" started-at="2025-07-03T08:29:19 UTC" name="setUp" finished-at="2025-07-03T08:29:19 UTC" duration-ms="101" status="PASS">
          <params>
            <param index="0">
              <value>
                <![CDATA[org.testng.TestRunner@5af3afd9]]>
              </value>
            </param>
          </params>
          <reporter-output>
          </reporter-output>
        </test-method> <!-- setUp -->
        <test-method is-config="true" signature="setUp()[pri:0, instance:com.shfwd.smokeTest.DashboardTest@1ffe63b9]" started-at="2025-07-03T08:29:19 UTC" name="setUp" finished-at="2025-07-03T08:29:19 UTC" duration-ms="7" status="PASS">
          <reporter-output>
            <line>
              <![CDATA[url:http://apis-laboriosa.resonanzgroup.com/login]]>
            </line>
            <line>
              <![CDATA[browserName:chrome]]>
            </line>
            <line>
              <![CDATA[driverAgent:null]]>
            </line>
            <line>
              <![CDATA[executionEnvironment:local]]>
            </line>
            <line>
              <![CDATA[browserStackUserName:null]]>
            </line>
            <line>
              <![CDATA[browserStackAuthKey:null]]>
            </line>
            <line>
              <![CDATA[browserStackBrowserVersion:null]]>
            </line>
            <line>
              <![CDATA[browserStackOSVersion:null]]>
            </line>
            <line>
              <![CDATA[os:null]]>
            </line>
            <line>
              <![CDATA[outputPath:output]]>
            </line>
          </reporter-output>
        </test-method> <!-- setUp -->
        <test-method signature="vaueTest()[pri:0, instance:com.shfwd.smokeTest.DashboardTest@1ffe63b9]" started-at="2025-07-03T08:29:19 UTC" name="vaueTest" finished-at="2025-07-03T08:30:10 UTC" duration-ms="51432" status="PASS">
          <reporter-output>
            <line>
              <![CDATA[Finding element using: name:-:username]]>
            </line>
            <line>
              <![CDATA[Finding element, try0 with locator:name:-:username]]>
            </line>
            <line>
              <![CDATA[Finding element using: name:-:password]]>
            </line>
            <line>
              <![CDATA[Finding element, try0 with locator:name:-:password]]>
            </line>
            <line>
              <![CDATA[Finding element using: xpath:-://button[text()='Login']]]>
            </line>
            <line>
              <![CDATA[Finding element, try0 with locator:xpath:-://button[text()='Login']]]>
            </line>
            <line>
              <![CDATA[Finding element using: xpath:-:((//tr)[2]//td//input[@type='number'])[1]]]>
            </line>
            <line>
              <![CDATA[Finding element, try0 with locator:xpath:-:((//tr)[2]//td//input[@type='number'])[1]]]>
            </line>
            <line>
              <![CDATA[Finding element using: xpath:-:((//tr)[2]//td//input[@type='number'])[1]]]>
            </line>
            <line>
              <![CDATA[Finding element, try0 with locator:xpath:-:((//tr)[2]//td//input[@type='number'])[1]]]>
            </line>
            <line>
              <![CDATA[Finding element using: xpath:-:((//tr)[2]//td//input[@type='number'])[2]]]>
            </line>
            <line>
              <![CDATA[Finding element, try0 with locator:xpath:-:((//tr)[2]//td//input[@type='number'])[2]]]>
            </line>
            <line>
              <![CDATA[Finding element using: xpath:-:((//tr)[2]//td//input[@type='number'])[2]]]>
            </line>
            <line>
              <![CDATA[Finding element, try0 with locator:xpath:-:((//tr)[2]//td//input[@type='number'])[2]]]>
            </line>
            <line>
              <![CDATA[Finding element using: xpath:-:((//tr)[2]//td//input[@type='number'])[3]]]>
            </line>
            <line>
              <![CDATA[Finding element, try0 with locator:xpath:-:((//tr)[2]//td//input[@type='number'])[3]]]>
            </line>
            <line>
              <![CDATA[Finding element using: xpath:-:((//tr)[2]//td//input[@type='number'])[3]]]>
            </line>
            <line>
              <![CDATA[Finding element, try0 with locator:xpath:-:((//tr)[2]//td//input[@type='number'])[3]]]>
            </line>
            <line>
              <![CDATA[Finding element using: xpath:-:((//tr)[3]//td//input[@type='number'])[1]]]>
            </line>
            <line>
              <![CDATA[Finding element, try0 with locator:xpath:-:((//tr)[3]//td//input[@type='number'])[1]]]>
            </line>
            <line>
              <![CDATA[Finding element using: xpath:-:((//tr)[3]//td//input[@type='number'])[1]]]>
            </line>
            <line>
              <![CDATA[Finding element, try0 with locator:xpath:-:((//tr)[3]//td//input[@type='number'])[1]]]>
            </line>
            <line>
              <![CDATA[Finding element using: xpath:-:((//tr)[3]//td//input[@type='number'])[2]]]>
            </line>
            <line>
              <![CDATA[Finding element, try0 with locator:xpath:-:((//tr)[3]//td//input[@type='number'])[2]]]>
            </line>
            <line>
              <![CDATA[Finding element using: xpath:-:((//tr)[3]//td//input[@type='number'])[2]]]>
            </line>
            <line>
              <![CDATA[Finding element, try0 with locator:xpath:-:((//tr)[3]//td//input[@type='number'])[2]]]>
            </line>
            <line>
              <![CDATA[Finding element using: xpath:-:((//tr)[3]//td//input[@type='number'])[3]]]>
            </line>
            <line>
              <![CDATA[Finding element, try0 with locator:xpath:-:((//tr)[3]//td//input[@type='number'])[3]]]>
            </line>
            <line>
              <![CDATA[Finding element using: xpath:-:((//tr)[3]//td//input[@type='number'])[3]]]>
            </line>
            <line>
              <![CDATA[Finding element, try0 with locator:xpath:-:((//tr)[3]//td//input[@type='number'])[3]]]>
            </line>
            <line>
              <![CDATA[Finding element using: xpath:-:((//tr)[4]//td//input[@type='number'])[1]]]>
            </line>
            <line>
              <![CDATA[Finding element, try0 with locator:xpath:-:((//tr)[4]//td//input[@type='number'])[1]]]>
            </line>
            <line>
              <![CDATA[Finding element using: xpath:-:((//tr)[4]//td//input[@type='number'])[1]]]>
            </line>
            <line>
              <![CDATA[Finding element, try0 with locator:xpath:-:((//tr)[4]//td//input[@type='number'])[1]]]>
            </line>
            <line>
              <![CDATA[Finding element using: xpath:-:((//tr)[4]//td//input[@type='number'])[2]]]>
            </line>
            <line>
              <![CDATA[Finding element, try0 with locator:xpath:-:((//tr)[4]//td//input[@type='number'])[2]]]>
            </line>
            <line>
              <![CDATA[Finding element using: xpath:-:((//tr)[4]//td//input[@type='number'])[2]]]>
            </line>
            <line>
              <![CDATA[Finding element, try0 with locator:xpath:-:((//tr)[4]//td//input[@type='number'])[2]]]>
            </line>
            <line>
              <![CDATA[Finding element using: xpath:-:((//tr)[4]//td//input[@type='number'])[3]]]>
            </line>
            <line>
              <![CDATA[Finding element, try0 with locator:xpath:-:((//tr)[4]//td//input[@type='number'])[3]]]>
            </line>
            <line>
              <![CDATA[Finding element using: xpath:-:((//tr)[4]//td//input[@type='number'])[3]]]>
            </line>
            <line>
              <![CDATA[Finding element, try0 with locator:xpath:-:((//tr)[4]//td//input[@type='number'])[3]]]>
            </line>
            <line>
              <![CDATA[Finding element using: xpath:-:((//tr)[5]//td//input[@type='number'])[1]]]>
            </line>
            <line>
              <![CDATA[Finding element, try0 with locator:xpath:-:((//tr)[5]//td//input[@type='number'])[1]]]>
            </line>
            <line>
              <![CDATA[Finding element using: xpath:-:((//tr)[5]//td//input[@type='number'])[1]]]>
            </line>
            <line>
              <![CDATA[Finding element, try0 with locator:xpath:-:((//tr)[5]//td//input[@type='number'])[1]]]>
            </line>
            <line>
              <![CDATA[Finding element using: xpath:-:((//tr)[5]//td//input[@type='number'])[2]]]>
            </line>
            <line>
              <![CDATA[Finding element, try0 with locator:xpath:-:((//tr)[5]//td//input[@type='number'])[2]]]>
            </line>
            <line>
              <![CDATA[Finding element using: xpath:-:((//tr)[5]//td//input[@type='number'])[2]]]>
            </line>
            <line>
              <![CDATA[Finding element, try0 with locator:xpath:-:((//tr)[5]//td//input[@type='number'])[2]]]>
            </line>
            <line>
              <![CDATA[Finding element using: xpath:-:((//tr)[5]//td//input[@type='number'])[3]]]>
            </line>
            <line>
              <![CDATA[Finding element, try0 with locator:xpath:-:((//tr)[5]//td//input[@type='number'])[3]]]>
            </line>
            <line>
              <![CDATA[Finding element using: xpath:-:((//tr)[5]//td//input[@type='number'])[3]]]>
            </line>
            <line>
              <![CDATA[Finding element, try0 with locator:xpath:-:((//tr)[5]//td//input[@type='number'])[3]]]>
            </line>
            <line>
              <![CDATA[Finding element using: xpath:-:((//tr)[6]//td//input[@type='number'])[1]]]>
            </line>
            <line>
              <![CDATA[Finding element, try0 with locator:xpath:-:((//tr)[6]//td//input[@type='number'])[1]]]>
            </line>
            <line>
              <![CDATA[Finding element using: xpath:-:((//tr)[6]//td//input[@type='number'])[1]]]>
            </line>
            <line>
              <![CDATA[Finding element, try0 with locator:xpath:-:((//tr)[6]//td//input[@type='number'])[1]]]>
            </line>
            <line>
              <![CDATA[Finding element using: xpath:-:((//tr)[6]//td//input[@type='number'])[2]]]>
            </line>
            <line>
              <![CDATA[Finding element, try0 with locator:xpath:-:((//tr)[6]//td//input[@type='number'])[2]]]>
            </line>
            <line>
              <![CDATA[Finding element using: xpath:-:((//tr)[6]//td//input[@type='number'])[2]]]>
            </line>
            <line>
              <![CDATA[Finding element, try0 with locator:xpath:-:((//tr)[6]//td//input[@type='number'])[2]]]>
            </line>
            <line>
              <![CDATA[Finding element using: xpath:-:((//tr)[6]//td//input[@type='number'])[3]]]>
            </line>
            <line>
              <![CDATA[Finding element, try0 with locator:xpath:-:((//tr)[6]//td//input[@type='number'])[3]]]>
            </line>
            <line>
              <![CDATA[Finding element using: xpath:-:((//tr)[6]//td//input[@type='number'])[3]]]>
            </line>
            <line>
              <![CDATA[Finding element, try0 with locator:xpath:-:((//tr)[6]//td//input[@type='number'])[3]]]>
            </line>
            <line>
              <![CDATA[Finding element using: xpath:-:((//tr)[7]//td//input[@type='number'])[1]]]>
            </line>
            <line>
              <![CDATA[Finding element, try0 with locator:xpath:-:((//tr)[7]//td//input[@type='number'])[1]]]>
            </line>
            <line>
              <![CDATA[Finding element using: xpath:-:((//tr)[7]//td//input[@type='number'])[1]]]>
            </line>
            <line>
              <![CDATA[Finding element, try0 with locator:xpath:-:((//tr)[7]//td//input[@type='number'])[1]]]>
            </line>
            <line>
              <![CDATA[Finding element using: xpath:-:((//tr)[7]//td//input[@type='number'])[2]]]>
            </line>
            <line>
              <![CDATA[Finding element, try0 with locator:xpath:-:((//tr)[7]//td//input[@type='number'])[2]]]>
            </line>
            <line>
              <![CDATA[Finding element using: xpath:-:((//tr)[7]//td//input[@type='number'])[2]]]>
            </line>
            <line>
              <![CDATA[Finding element, try0 with locator:xpath:-:((//tr)[7]//td//input[@type='number'])[2]]]>
            </line>
            <line>
              <![CDATA[Finding element using: xpath:-:((//tr)[7]//td//input[@type='number'])[3]]]>
            </line>
            <line>
              <![CDATA[Finding element, try0 with locator:xpath:-:((//tr)[7]//td//input[@type='number'])[3]]]>
            </line>
            <line>
              <![CDATA[Finding element using: xpath:-:((//tr)[7]//td//input[@type='number'])[3]]]>
            </line>
            <line>
              <![CDATA[Finding element, try0 with locator:xpath:-:((//tr)[7]//td//input[@type='number'])[3]]]>
            </line>
            <line>
              <![CDATA[Finding element using: xpath:-:((//tr)[8]//td//input[@type='number'])[1]]]>
            </line>
            <line>
              <![CDATA[Finding element, try0 with locator:xpath:-:((//tr)[8]//td//input[@type='number'])[1]]]>
            </line>
            <line>
              <![CDATA[Finding element using: xpath:-:((//tr)[8]//td//input[@type='number'])[1]]]>
            </line>
            <line>
              <![CDATA[Finding element, try0 with locator:xpath:-:((//tr)[8]//td//input[@type='number'])[1]]]>
            </line>
            <line>
              <![CDATA[Finding element using: xpath:-:((//tr)[8]//td//input[@type='number'])[2]]]>
            </line>
            <line>
              <![CDATA[Finding element, try0 with locator:xpath:-:((//tr)[8]//td//input[@type='number'])[2]]]>
            </line>
            <line>
              <![CDATA[Finding element using: xpath:-:((//tr)[8]//td//input[@type='number'])[2]]]>
            </line>
            <line>
              <![CDATA[Finding element, try0 with locator:xpath:-:((//tr)[8]//td//input[@type='number'])[2]]]>
            </line>
            <line>
              <![CDATA[Finding element using: xpath:-:((//tr)[8]//td//input[@type='number'])[3]]]>
            </line>
            <line>
              <![CDATA[Finding element, try0 with locator:xpath:-:((//tr)[8]//td//input[@type='number'])[3]]]>
            </line>
            <line>
              <![CDATA[Finding element using: xpath:-:((//tr)[8]//td//input[@type='number'])[3]]]>
            </line>
            <line>
              <![CDATA[Finding element, try0 with locator:xpath:-:((//tr)[8]//td//input[@type='number'])[3]]]>
            </line>
          </reporter-output>
        </test-method> <!-- vaueTest -->
        <test-method is-config="true" signature="checkAlerts(org.testng.ITestResult)[pri:0, instance:com.shfwd.smokeTest.DashboardTest@1ffe63b9]" started-at="2025-07-03T08:30:10 UTC" name="checkAlerts" finished-at="2025-07-03T08:30:11 UTC" duration-ms="110" status="PASS">
          <params>
            <param index="0">
              <value>
                <![CDATA[[TestResult name=vaueTest status=SUCCESS method=DashboardTest.vaueTest()[pri:0, instance:com.shfwd.smokeTest.DashboardTest@1ffe63b9] output=Finding element using: name:-:username]]]>
              </value>
            </param>
          </params>
          <reporter-output>
          </reporter-output>
        </test-method> <!-- checkAlerts -->
        <test-method is-config="true" signature="quitBrowser()[pri:0, instance:com.shfwd.smokeTest.DashboardTest@1ffe63b9]" started-at="2025-07-03T08:30:11 UTC" name="quitBrowser" finished-at="2025-07-03T08:30:11 UTC" duration-ms="2" status="PASS">
          <reporter-output>
            <line>
              <![CDATA[Closing the Browser Successfully]]>
            </line>
          </reporter-output>
        </test-method> <!-- quitBrowser -->
      </class> <!-- com.shfwd.smokeTest.DashboardTest -->
    </test> <!-- SignUpValidationTest -->
    <test started-at="2025-07-03T08:29:19 UTC" name="SignUpValidationTest2" finished-at="2025-07-03T08:30:13 UTC" duration-ms="54213">
      <class name="com.shfwd.smokeTest.DashboardTest2">
        <test-method is-config="true" signature="cleanUp()[pri:0, instance:com.shfwd.smokeTest.DashboardTest2@6ef888f6]" started-at="2025-07-03T08:29:19 UTC" name="cleanUp" finished-at="2025-07-03T08:29:19 UTC" duration-ms="9" status="PASS">
          <reporter-output>
          </reporter-output>
        </test-method> <!-- cleanUp -->
        <test-method is-config="true" signature="setUp(org.testng.ITestContext)[pri:0, instance:com.shfwd.smokeTest.DashboardTest2@6ef888f6]" started-at="2025-07-03T08:29:19 UTC" name="setUp" finished-at="2025-07-03T08:29:19 UTC" duration-ms="99" status="PASS">
          <params>
            <param index="0">
              <value>
                <![CDATA[org.testng.TestRunner@323b36e0]]>
              </value>
            </param>
          </params>
          <reporter-output>
          </reporter-output>
        </test-method> <!-- setUp -->
        <test-method is-config="true" signature="setUp()[pri:0, instance:com.shfwd.smokeTest.DashboardTest2@6ef888f6]" started-at="2025-07-03T08:29:19 UTC" name="setUp" finished-at="2025-07-03T08:29:19 UTC" duration-ms="7" status="PASS">
          <reporter-output>
            <line>
              <![CDATA[url:http://apis-laboriosa.resonanzgroup.com/login]]>
            </line>
            <line>
              <![CDATA[browserName:chrome]]>
            </line>
            <line>
              <![CDATA[driverAgent:null]]>
            </line>
            <line>
              <![CDATA[executionEnvironment:local]]>
            </line>
            <line>
              <![CDATA[browserStackUserName:null]]>
            </line>
            <line>
              <![CDATA[browserStackAuthKey:null]]>
            </line>
            <line>
              <![CDATA[browserStackBrowserVersion:null]]>
            </line>
            <line>
              <![CDATA[browserStackOSVersion:null]]>
            </line>
            <line>
              <![CDATA[os:null]]>
            </line>
            <line>
              <![CDATA[outputPath:output]]>
            </line>
          </reporter-output>
        </test-method> <!-- setUp -->
        <test-method signature="vaueTest()[pri:0, instance:com.shfwd.smokeTest.DashboardTest2@6ef888f6]" started-at="2025-07-03T08:29:19 UTC" name="vaueTest" finished-at="2025-07-03T08:30:13 UTC" duration-ms="53987" status="PASS">
          <reporter-output>
            <line>
              <![CDATA[Finding element using: name:-:username]]>
            </line>
            <line>
              <![CDATA[Finding element, try0 with locator:name:-:username]]>
            </line>
            <line>
              <![CDATA[Finding element, try1 with locator:name:-:username]]>
            </line>
            <line>
              <![CDATA[Finding element using: name:-:password]]>
            </line>
            <line>
              <![CDATA[Finding element, try0 with locator:name:-:password]]>
            </line>
            <line>
              <![CDATA[Finding element using: xpath:-://button[text()='Login']]]>
            </line>
            <line>
              <![CDATA[Finding element, try0 with locator:xpath:-://button[text()='Login']]]>
            </line>
          </reporter-output>
        </test-method> <!-- vaueTest -->
        <test-method is-config="true" signature="checkAlerts(org.testng.ITestResult)[pri:0, instance:com.shfwd.smokeTest.DashboardTest2@6ef888f6]" started-at="2025-07-03T08:30:13 UTC" name="checkAlerts" finished-at="2025-07-03T08:30:13 UTC" duration-ms="91" status="PASS">
          <params>
            <param index="0">
              <value>
                <![CDATA[[TestResult name=vaueTest status=SUCCESS method=DashboardTest2.vaueTest()[pri:0, instance:com.shfwd.smokeTest.DashboardTest2@6ef888f6] output=Finding element using: name:-:username]]]>
              </value>
            </param>
          </params>
          <reporter-output>
          </reporter-output>
        </test-method> <!-- checkAlerts -->
        <test-method is-config="true" signature="quitBrowser()[pri:0, instance:com.shfwd.smokeTest.DashboardTest2@6ef888f6]" started-at="2025-07-03T08:30:13 UTC" name="quitBrowser" finished-at="2025-07-03T08:30:13 UTC" duration-ms="0" status="PASS">
          <reporter-output>
            <line>
              <![CDATA[Closing the Browser Successfully]]>
            </line>
          </reporter-output>
        </test-method> <!-- quitBrowser -->
      </class> <!-- com.shfwd.smokeTest.DashboardTest2 -->
    </test> <!-- SignUpValidationTest2 -->
  </suite> <!-- Regression -->
</testng-results>
