<?xml version="1.0" encoding="UTF-8"?>
<testng-results ignored="0" total="3" passed="3" failed="0" skipped="0">
  <reporter-output>
    <line>
      <![CDATA[url:http://apis-laboriosa.resonanzgroup.com/login]]>
    </line>
    <line>
      <![CDATA[browserName:chrome]]>
    </line>
    <line>
      <![CDATA[driverAgent:null]]>
    </line>
    <line>
      <![CDATA[executionEnvironment:local]]>
    </line>
    <line>
      <![CDATA[browserStackUserName:null]]>
    </line>
    <line>
      <![CDATA[browserStackAuthKey:null]]>
    </line>
    <line>
      <![CDATA[browserStackBrowserVersion:null]]>
    </line>
    <line>
      <![CDATA[browserStackOSVersion:null]]>
    </line>
    <line>
      <![CDATA[os:null]]>
    </line>
    <line>
      <![CDATA[outputPath:output]]>
    </line>
    <line>
      <![CDATA[url:http://apis-laboriosa.resonanzgroup.com/login]]>
    </line>
    <line>
      <![CDATA[browserName:chrome]]>
    </line>
    <line>
      <![CDATA[driverAgent:null]]>
    </line>
    <line>
      <![CDATA[executionEnvironment:local]]>
    </line>
    <line>
      <![CDATA[browserStackUserName:null]]>
    </line>
    <line>
      <![CDATA[browserStackAuthKey:null]]>
    </line>
    <line>
      <![CDATA[browserStackBrowserVersion:null]]>
    </line>
    <line>
      <![CDATA[browserStackOSVersion:null]]>
    </line>
    <line>
      <![CDATA[os:null]]>
    </line>
    <line>
      <![CDATA[outputPath:output]]>
    </line>
    <line>
      <![CDATA[url:http://apis-laboriosa.resonanzgroup.com/login]]>
    </line>
    <line>
      <![CDATA[browserName:chrome]]>
    </line>
    <line>
      <![CDATA[driverAgent:null]]>
    </line>
    <line>
      <![CDATA[executionEnvironment:local]]>
    </line>
    <line>
      <![CDATA[browserStackUserName:null]]>
    </line>
    <line>
      <![CDATA[browserStackAuthKey:null]]>
    </line>
    <line>
      <![CDATA[browserStackBrowserVersion:null]]>
    </line>
    <line>
      <![CDATA[browserStackOSVersion:null]]>
    </line>
    <line>
      <![CDATA[os:null]]>
    </line>
    <line>
      <![CDATA[outputPath:output]]>
    </line>
    <line>
      <![CDATA[Finding element using: name:-:username]]>
    </line>
    <line>
      <![CDATA[Finding element, try0 with locator:name:-:username]]>
    </line>
    <line>
      <![CDATA[Finding element using: name:-:username]]>
    </line>
    <line>
      <![CDATA[Finding element, try0 with locator:name:-:username]]>
    </line>
    <line>
      <![CDATA[Finding element using: name:-:username]]>
    </line>
    <line>
      <![CDATA[Finding element, try0 with locator:name:-:username]]>
    </line>
    <line>
      <![CDATA[Finding element using: name:-:password]]>
    </line>
    <line>
      <![CDATA[Finding element, try0 with locator:name:-:password]]>
    </line>
    <line>
      <![CDATA[Finding element using: xpath:-://button[text()='Login']]]>
    </line>
    <line>
      <![CDATA[Finding element, try0 with locator:xpath:-://button[text()='Login']]]>
    </line>
    <line>
      <![CDATA[Finding element using: xpath:-:((//tr)[2]//td//input[@type='number'])[1]]]>
    </line>
    <line>
      <![CDATA[Finding element, try0 with locator:xpath:-:((//tr)[2]//td//input[@type='number'])[1]]]>
    </line>
    <line>
      <![CDATA[Finding element using: xpath:-:((//tr)[2]//td//input[@type='number'])[1]]]>
    </line>
    <line>
      <![CDATA[Finding element, try0 with locator:xpath:-:((//tr)[2]//td//input[@type='number'])[1]]]>
    </line>
    <line>
      <![CDATA[Finding element using: xpath:-:((//tr)[2]//td//input[@type='number'])[2]]]>
    </line>
    <line>
      <![CDATA[Finding element, try0 with locator:xpath:-:((//tr)[2]//td//input[@type='number'])[2]]]>
    </line>
    <line>
      <![CDATA[Finding element using: xpath:-:((//tr)[2]//td//input[@type='number'])[2]]]>
    </line>
    <line>
      <![CDATA[Finding element, try0 with locator:xpath:-:((//tr)[2]//td//input[@type='number'])[2]]]>
    </line>
    <line>
      <![CDATA[Finding element using: xpath:-:((//tr)[2]//td//input[@type='number'])[3]]]>
    </line>
    <line>
      <![CDATA[Finding element, try0 with locator:xpath:-:((//tr)[2]//td//input[@type='number'])[3]]]>
    </line>
    <line>
      <![CDATA[Finding element using: xpath:-:((//tr)[2]//td//input[@type='number'])[3]]]>
    </line>
    <line>
      <![CDATA[Finding element, try0 with locator:xpath:-:((//tr)[2]//td//input[@type='number'])[3]]]>
    </line>
    <line>
      <![CDATA[Finding element using: xpath:-:((//tr)[3]//td//input[@type='number'])[1]]]>
    </line>
    <line>
      <![CDATA[Finding element, try0 with locator:xpath:-:((//tr)[3]//td//input[@type='number'])[1]]]>
    </line>
    <line>
      <![CDATA[Finding element using: xpath:-:((//tr)[3]//td//input[@type='number'])[1]]]>
    </line>
    <line>
      <![CDATA[Finding element, try0 with locator:xpath:-:((//tr)[3]//td//input[@type='number'])[1]]]>
    </line>
    <line>
      <![CDATA[Finding element using: xpath:-:((//tr)[3]//td//input[@type='number'])[2]]]>
    </line>
    <line>
      <![CDATA[Finding element, try0 with locator:xpath:-:((//tr)[3]//td//input[@type='number'])[2]]]>
    </line>
    <line>
      <![CDATA[Finding element using: xpath:-:((//tr)[3]//td//input[@type='number'])[2]]]>
    </line>
    <line>
      <![CDATA[Finding element, try0 with locator:xpath:-:((//tr)[3]//td//input[@type='number'])[2]]]>
    </line>
    <line>
      <![CDATA[Finding element using: xpath:-:((//tr)[3]//td//input[@type='number'])[3]]]>
    </line>
    <line>
      <![CDATA[Finding element, try0 with locator:xpath:-:((//tr)[3]//td//input[@type='number'])[3]]]>
    </line>
    <line>
      <![CDATA[Finding element using: xpath:-:((//tr)[3]//td//input[@type='number'])[3]]]>
    </line>
    <line>
      <![CDATA[Finding element, try0 with locator:xpath:-:((//tr)[3]//td//input[@type='number'])[3]]]>
    </line>
    <line>
      <![CDATA[Finding element using: xpath:-:((//tr)[4]//td//input[@type='number'])[1]]]>
    </line>
    <line>
      <![CDATA[Finding element, try0 with locator:xpath:-:((//tr)[4]//td//input[@type='number'])[1]]]>
    </line>
    <line>
      <![CDATA[Finding element using: xpath:-:((//tr)[4]//td//input[@type='number'])[1]]]>
    </line>
    <line>
      <![CDATA[Finding element, try0 with locator:xpath:-:((//tr)[4]//td//input[@type='number'])[1]]]>
    </line>
    <line>
      <![CDATA[Finding element using: xpath:-:((//tr)[4]//td//input[@type='number'])[2]]]>
    </line>
    <line>
      <![CDATA[Finding element, try0 with locator:xpath:-:((//tr)[4]//td//input[@type='number'])[2]]]>
    </line>
    <line>
      <![CDATA[Finding element using: xpath:-:((//tr)[4]//td//input[@type='number'])[2]]]>
    </line>
    <line>
      <![CDATA[Finding element, try0 with locator:xpath:-:((//tr)[4]//td//input[@type='number'])[2]]]>
    </line>
    <line>
      <![CDATA[Finding element using: xpath:-:((//tr)[4]//td//input[@type='number'])[3]]]>
    </line>
    <line>
      <![CDATA[Finding element, try0 with locator:xpath:-:((//tr)[4]//td//input[@type='number'])[3]]]>
    </line>
    <line>
      <![CDATA[Finding element using: xpath:-:((//tr)[4]//td//input[@type='number'])[3]]]>
    </line>
    <line>
      <![CDATA[Finding element, try0 with locator:xpath:-:((//tr)[4]//td//input[@type='number'])[3]]]>
    </line>
    <line>
      <![CDATA[Finding element using: xpath:-:((//tr)[5]//td//input[@type='number'])[1]]]>
    </line>
    <line>
      <![CDATA[Finding element, try0 with locator:xpath:-:((//tr)[5]//td//input[@type='number'])[1]]]>
    </line>
    <line>
      <![CDATA[Finding element using: xpath:-:((//tr)[5]//td//input[@type='number'])[1]]]>
    </line>
    <line>
      <![CDATA[Finding element, try0 with locator:xpath:-:((//tr)[5]//td//input[@type='number'])[1]]]>
    </line>
    <line>
      <![CDATA[Finding element using: xpath:-:((//tr)[5]//td//input[@type='number'])[2]]]>
    </line>
    <line>
      <![CDATA[Finding element, try0 with locator:xpath:-:((//tr)[5]//td//input[@type='number'])[2]]]>
    </line>
    <line>
      <![CDATA[Finding element using: xpath:-:((//tr)[5]//td//input[@type='number'])[2]]]>
    </line>
    <line>
      <![CDATA[Finding element, try0 with locator:xpath:-:((//tr)[5]//td//input[@type='number'])[2]]]>
    </line>
    <line>
      <![CDATA[Finding element using: xpath:-:((//tr)[5]//td//input[@type='number'])[3]]]>
    </line>
    <line>
      <![CDATA[Finding element, try0 with locator:xpath:-:((//tr)[5]//td//input[@type='number'])[3]]]>
    </line>
    <line>
      <![CDATA[Finding element using: xpath:-:((//tr)[5]//td//input[@type='number'])[3]]]>
    </line>
    <line>
      <![CDATA[Finding element, try0 with locator:xpath:-:((//tr)[5]//td//input[@type='number'])[3]]]>
    </line>
    <line>
      <![CDATA[Finding element using: xpath:-:((//tr)[6]//td//input[@type='number'])[1]]]>
    </line>
    <line>
      <![CDATA[Finding element, try0 with locator:xpath:-:((//tr)[6]//td//input[@type='number'])[1]]]>
    </line>
    <line>
      <![CDATA[Finding element using: xpath:-:((//tr)[6]//td//input[@type='number'])[1]]]>
    </line>
    <line>
      <![CDATA[Finding element, try0 with locator:xpath:-:((//tr)[6]//td//input[@type='number'])[1]]]>
    </line>
    <line>
      <![CDATA[Finding element using: xpath:-:((//tr)[6]//td//input[@type='number'])[2]]]>
    </line>
    <line>
      <![CDATA[Finding element, try0 with locator:xpath:-:((//tr)[6]//td//input[@type='number'])[2]]]>
    </line>
    <line>
      <![CDATA[Finding element using: xpath:-:((//tr)[6]//td//input[@type='number'])[2]]]>
    </line>
    <line>
      <![CDATA[Finding element, try0 with locator:xpath:-:((//tr)[6]//td//input[@type='number'])[2]]]>
    </line>
    <line>
      <![CDATA[Finding element using: xpath:-:((//tr)[6]//td//input[@type='number'])[3]]]>
    </line>
    <line>
      <![CDATA[Finding element, try0 with locator:xpath:-:((//tr)[6]//td//input[@type='number'])[3]]]>
    </line>
    <line>
      <![CDATA[Finding element using: xpath:-:((//tr)[6]//td//input[@type='number'])[3]]]>
    </line>
    <line>
      <![CDATA[Finding element, try0 with locator:xpath:-:((//tr)[6]//td//input[@type='number'])[3]]]>
    </line>
    <line>
      <![CDATA[Finding element using: xpath:-:((//tr)[7]//td//input[@type='number'])[1]]]>
    </line>
    <line>
      <![CDATA[Finding element, try0 with locator:xpath:-:((//tr)[7]//td//input[@type='number'])[1]]]>
    </line>
    <line>
      <![CDATA[Finding element using: xpath:-:((//tr)[7]//td//input[@type='number'])[1]]]>
    </line>
    <line>
      <![CDATA[Finding element, try0 with locator:xpath:-:((//tr)[7]//td//input[@type='number'])[1]]]>
    </line>
    <line>
      <![CDATA[Finding element using: xpath:-:((//tr)[7]//td//input[@type='number'])[2]]]>
    </line>
    <line>
      <![CDATA[Finding element, try0 with locator:xpath:-:((//tr)[7]//td//input[@type='number'])[2]]]>
    </line>
    <line>
      <![CDATA[Finding element using: xpath:-:((//tr)[7]//td//input[@type='number'])[2]]]>
    </line>
    <line>
      <![CDATA[Finding element, try0 with locator:xpath:-:((//tr)[7]//td//input[@type='number'])[2]]]>
    </line>
    <line>
      <![CDATA[Finding element using: xpath:-:((//tr)[7]//td//input[@type='number'])[3]]]>
    </line>
    <line>
      <![CDATA[Finding element, try0 with locator:xpath:-:((//tr)[7]//td//input[@type='number'])[3]]]>
    </line>
    <line>
      <![CDATA[Finding element using: xpath:-:((//tr)[7]//td//input[@type='number'])[3]]]>
    </line>
    <line>
      <![CDATA[Finding element, try0 with locator:xpath:-:((//tr)[7]//td//input[@type='number'])[3]]]>
    </line>
    <line>
      <![CDATA[Finding element using: xpath:-:((//tr)[8]//td//input[@type='number'])[1]]]>
    </line>
    <line>
      <![CDATA[Finding element, try0 with locator:xpath:-:((//tr)[8]//td//input[@type='number'])[1]]]>
    </line>
    <line>
      <![CDATA[Finding element using: xpath:-:((//tr)[8]//td//input[@type='number'])[1]]]>
    </line>
    <line>
      <![CDATA[Finding element, try0 with locator:xpath:-:((//tr)[8]//td//input[@type='number'])[1]]]>
    </line>
    <line>
      <![CDATA[Finding element using: xpath:-:((//tr)[8]//td//input[@type='number'])[2]]]>
    </line>
    <line>
      <![CDATA[Finding element, try0 with locator:xpath:-:((//tr)[8]//td//input[@type='number'])[2]]]>
    </line>
    <line>
      <![CDATA[Finding element using: xpath:-:((//tr)[8]//td//input[@type='number'])[2]]]>
    </line>
    <line>
      <![CDATA[Finding element, try0 with locator:xpath:-:((//tr)[8]//td//input[@type='number'])[2]]]>
    </line>
    <line>
      <![CDATA[Finding element using: xpath:-:((//tr)[8]//td//input[@type='number'])[3]]]>
    </line>
    <line>
      <![CDATA[Finding element, try0 with locator:xpath:-:((//tr)[8]//td//input[@type='number'])[3]]]>
    </line>
    <line>
      <![CDATA[Finding element using: xpath:-:((//tr)[8]//td//input[@type='number'])[3]]]>
    </line>
    <line>
      <![CDATA[Finding element, try0 with locator:xpath:-:((//tr)[8]//td//input[@type='number'])[3]]]>
    </line>
    <line>
      <![CDATA[Closing the Browser Successfully]]>
    </line>
    <line>
      <![CDATA[Finding element, try1 with locator:name:-:username]]>
    </line>
    <line>
      <![CDATA[Finding element, try1 with locator:name:-:username]]>
    </line>
    <line>
      <![CDATA[Finding element using: name:-:password]]>
    </line>
    <line>
      <![CDATA[Finding element, try0 with locator:name:-:password]]>
    </line>
    <line>
      <![CDATA[Finding element using: xpath:-://button[text()='Login']]]>
    </line>
    <line>
      <![CDATA[Finding element, try0 with locator:xpath:-://button[text()='Login']]]>
    </line>
    <line>
      <![CDATA[Finding element using: name:-:password]]>
    </line>
    <line>
      <![CDATA[Finding element, try0 with locator:name:-:password]]>
    </line>
    <line>
      <![CDATA[Finding element using: xpath:-://button[text()='Login']]]>
    </line>
    <line>
      <![CDATA[Finding element, try0 with locator:xpath:-://button[text()='Login']]]>
    </line>
    <line>
      <![CDATA[Closing the Browser Successfully]]>
    </line>
    <line>
      <![CDATA[Finding element using: xpath:-:((//tr)[2]//td//input[@type='number'])[1]]]>
    </line>
    <line>
      <![CDATA[Finding element, try0 with locator:xpath:-:((//tr)[2]//td//input[@type='number'])[1]]]>
    </line>
    <line>
      <![CDATA[Finding element using: xpath:-:((//tr)[2]//td//input[@type='number'])[1]]]>
    </line>
    <line>
      <![CDATA[Finding element, try0 with locator:xpath:-:((//tr)[2]//td//input[@type='number'])[1]]]>
    </line>
    <line>
      <![CDATA[Finding element using: xpath:-:((//tr)[2]//td//input[@type='number'])[2]]]>
    </line>
    <line>
      <![CDATA[Finding element, try0 with locator:xpath:-:((//tr)[2]//td//input[@type='number'])[2]]]>
    </line>
    <line>
      <![CDATA[Finding element using: xpath:-:((//tr)[2]//td//input[@type='number'])[2]]]>
    </line>
    <line>
      <![CDATA[Finding element, try0 with locator:xpath:-:((//tr)[2]//td//input[@type='number'])[2]]]>
    </line>
    <line>
      <![CDATA[Finding element using: xpath:-:((//tr)[2]//td//input[@type='number'])[3]]]>
    </line>
    <line>
      <![CDATA[Finding element, try0 with locator:xpath:-:((//tr)[2]//td//input[@type='number'])[3]]]>
    </line>
    <line>
      <![CDATA[Finding element using: xpath:-:((//tr)[2]//td//input[@type='number'])[3]]]>
    </line>
    <line>
      <![CDATA[Finding element, try0 with locator:xpath:-:((//tr)[2]//td//input[@type='number'])[3]]]>
    </line>
    <line>
      <![CDATA[Finding element using: xpath:-:((//tr)[3]//td//input[@type='number'])[1]]]>
    </line>
    <line>
      <![CDATA[Finding element, try0 with locator:xpath:-:((//tr)[3]//td//input[@type='number'])[1]]]>
    </line>
    <line>
      <![CDATA[Finding element using: xpath:-:((//tr)[3]//td//input[@type='number'])[1]]]>
    </line>
    <line>
      <![CDATA[Finding element, try0 with locator:xpath:-:((//tr)[3]//td//input[@type='number'])[1]]]>
    </line>
    <line>
      <![CDATA[Finding element using: xpath:-:((//tr)[3]//td//input[@type='number'])[2]]]>
    </line>
    <line>
      <![CDATA[Finding element, try0 with locator:xpath:-:((//tr)[3]//td//input[@type='number'])[2]]]>
    </line>
    <line>
      <![CDATA[Finding element using: xpath:-:((//tr)[3]//td//input[@type='number'])[2]]]>
    </line>
    <line>
      <![CDATA[Finding element, try0 with locator:xpath:-:((//tr)[3]//td//input[@type='number'])[2]]]>
    </line>
    <line>
      <![CDATA[Finding element using: xpath:-:((//tr)[3]//td//input[@type='number'])[3]]]>
    </line>
    <line>
      <![CDATA[Finding element, try0 with locator:xpath:-:((//tr)[3]//td//input[@type='number'])[3]]]>
    </line>
    <line>
      <![CDATA[Finding element using: xpath:-:((//tr)[3]//td//input[@type='number'])[3]]]>
    </line>
    <line>
      <![CDATA[Finding element, try0 with locator:xpath:-:((//tr)[3]//td//input[@type='number'])[3]]]>
    </line>
    <line>
      <![CDATA[Finding element using: xpath:-:((//tr)[4]//td//input[@type='number'])[1]]]>
    </line>
    <line>
      <![CDATA[Finding element, try0 with locator:xpath:-:((//tr)[4]//td//input[@type='number'])[1]]]>
    </line>
    <line>
      <![CDATA[Finding element using: xpath:-:((//tr)[4]//td//input[@type='number'])[1]]]>
    </line>
    <line>
      <![CDATA[Finding element, try0 with locator:xpath:-:((//tr)[4]//td//input[@type='number'])[1]]]>
    </line>
    <line>
      <![CDATA[Finding element using: xpath:-:((//tr)[4]//td//input[@type='number'])[2]]]>
    </line>
    <line>
      <![CDATA[Finding element, try0 with locator:xpath:-:((//tr)[4]//td//input[@type='number'])[2]]]>
    </line>
    <line>
      <![CDATA[Finding element using: xpath:-:((//tr)[4]//td//input[@type='number'])[2]]]>
    </line>
    <line>
      <![CDATA[Finding element, try0 with locator:xpath:-:((//tr)[4]//td//input[@type='number'])[2]]]>
    </line>
    <line>
      <![CDATA[Finding element using: xpath:-:((//tr)[4]//td//input[@type='number'])[3]]]>
    </line>
    <line>
      <![CDATA[Finding element, try0 with locator:xpath:-:((//tr)[4]//td//input[@type='number'])[3]]]>
    </line>
    <line>
      <![CDATA[Finding element using: xpath:-:((//tr)[4]//td//input[@type='number'])[3]]]>
    </line>
    <line>
      <![CDATA[Finding element, try0 with locator:xpath:-:((//tr)[4]//td//input[@type='number'])[3]]]>
    </line>
    <line>
      <![CDATA[Finding element using: xpath:-:((//tr)[5]//td//input[@type='number'])[1]]]>
    </line>
    <line>
      <![CDATA[Finding element, try0 with locator:xpath:-:((//tr)[5]//td//input[@type='number'])[1]]]>
    </line>
    <line>
      <![CDATA[Finding element using: xpath:-:((//tr)[5]//td//input[@type='number'])[1]]]>
    </line>
    <line>
      <![CDATA[Finding element, try0 with locator:xpath:-:((//tr)[5]//td//input[@type='number'])[1]]]>
    </line>
    <line>
      <![CDATA[Finding element using: xpath:-:((//tr)[5]//td//input[@type='number'])[2]]]>
    </line>
    <line>
      <![CDATA[Finding element, try0 with locator:xpath:-:((//tr)[5]//td//input[@type='number'])[2]]]>
    </line>
    <line>
      <![CDATA[Finding element using: xpath:-:((//tr)[5]//td//input[@type='number'])[2]]]>
    </line>
    <line>
      <![CDATA[Finding element, try0 with locator:xpath:-:((//tr)[5]//td//input[@type='number'])[2]]]>
    </line>
    <line>
      <![CDATA[Finding element using: xpath:-:((//tr)[5]//td//input[@type='number'])[3]]]>
    </line>
    <line>
      <![CDATA[Finding element, try0 with locator:xpath:-:((//tr)[5]//td//input[@type='number'])[3]]]>
    </line>
    <line>
      <![CDATA[Finding element using: xpath:-:((//tr)[5]//td//input[@type='number'])[3]]]>
    </line>
    <line>
      <![CDATA[Finding element, try0 with locator:xpath:-:((//tr)[5]//td//input[@type='number'])[3]]]>
    </line>
    <line>
      <![CDATA[Finding element using: xpath:-:((//tr)[6]//td//input[@type='number'])[1]]]>
    </line>
    <line>
      <![CDATA[Finding element, try0 with locator:xpath:-:((//tr)[6]//td//input[@type='number'])[1]]]>
    </line>
    <line>
      <![CDATA[Finding element using: xpath:-:((//tr)[6]//td//input[@type='number'])[1]]]>
    </line>
    <line>
      <![CDATA[Finding element, try0 with locator:xpath:-:((//tr)[6]//td//input[@type='number'])[1]]]>
    </line>
    <line>
      <![CDATA[Finding element using: xpath:-:((//tr)[6]//td//input[@type='number'])[2]]]>
    </line>
    <line>
      <![CDATA[Finding element, try0 with locator:xpath:-:((//tr)[6]//td//input[@type='number'])[2]]]>
    </line>
    <line>
      <![CDATA[Finding element using: xpath:-:((//tr)[6]//td//input[@type='number'])[2]]]>
    </line>
    <line>
      <![CDATA[Finding element, try0 with locator:xpath:-:((//tr)[6]//td//input[@type='number'])[2]]]>
    </line>
    <line>
      <![CDATA[Finding element using: xpath:-:((//tr)[6]//td//input[@type='number'])[3]]]>
    </line>
    <line>
      <![CDATA[Finding element, try0 with locator:xpath:-:((//tr)[6]//td//input[@type='number'])[3]]]>
    </line>
    <line>
      <![CDATA[Finding element using: xpath:-:((//tr)[6]//td//input[@type='number'])[3]]]>
    </line>
    <line>
      <![CDATA[Finding element, try0 with locator:xpath:-:((//tr)[6]//td//input[@type='number'])[3]]]>
    </line>
    <line>
      <![CDATA[Finding element using: xpath:-:((//tr)[7]//td//input[@type='number'])[1]]]>
    </line>
    <line>
      <![CDATA[Finding element, try0 with locator:xpath:-:((//tr)[7]//td//input[@type='number'])[1]]]>
    </line>
    <line>
      <![CDATA[Finding element using: xpath:-:((//tr)[7]//td//input[@type='number'])[1]]]>
    </line>
    <line>
      <![CDATA[Finding element, try0 with locator:xpath:-:((//tr)[7]//td//input[@type='number'])[1]]]>
    </line>
    <line>
      <![CDATA[Finding element using: xpath:-:((//tr)[7]//td//input[@type='number'])[2]]]>
    </line>
    <line>
      <![CDATA[Finding element, try0 with locator:xpath:-:((//tr)[7]//td//input[@type='number'])[2]]]>
    </line>
    <line>
      <![CDATA[Finding element using: xpath:-:((//tr)[7]//td//input[@type='number'])[2]]]>
    </line>
    <line>
      <![CDATA[Finding element, try0 with locator:xpath:-:((//tr)[7]//td//input[@type='number'])[2]]]>
    </line>
    <line>
      <![CDATA[Finding element using: xpath:-:((//tr)[7]//td//input[@type='number'])[3]]]>
    </line>
    <line>
      <![CDATA[Finding element, try0 with locator:xpath:-:((//tr)[7]//td//input[@type='number'])[3]]]>
    </line>
    <line>
      <![CDATA[Finding element using: xpath:-:((//tr)[7]//td//input[@type='number'])[3]]]>
    </line>
    <line>
      <![CDATA[Finding element, try0 with locator:xpath:-:((//tr)[7]//td//input[@type='number'])[3]]]>
    </line>
    <line>
      <![CDATA[Finding element using: xpath:-:((//tr)[8]//td//input[@type='number'])[1]]]>
    </line>
    <line>
      <![CDATA[Finding element, try0 with locator:xpath:-:((//tr)[8]//td//input[@type='number'])[1]]]>
    </line>
    <line>
      <![CDATA[Finding element using: xpath:-:((//tr)[8]//td//input[@type='number'])[1]]]>
    </line>
    <line>
      <![CDATA[Finding element, try0 with locator:xpath:-:((//tr)[8]//td//input[@type='number'])[1]]]>
    </line>
    <line>
      <![CDATA[Finding element using: xpath:-:((//tr)[8]//td//input[@type='number'])[2]]]>
    </line>
    <line>
      <![CDATA[Finding element, try0 with locator:xpath:-:((//tr)[8]//td//input[@type='number'])[2]]]>
    </line>
    <line>
      <![CDATA[Finding element using: xpath:-:((//tr)[8]//td//input[@type='number'])[2]]]>
    </line>
    <line>
      <![CDATA[Finding element, try0 with locator:xpath:-:((//tr)[8]//td//input[@type='number'])[2]]]>
    </line>
    <line>
      <![CDATA[Finding element using: xpath:-:((//tr)[8]//td//input[@type='number'])[3]]]>
    </line>
    <line>
      <![CDATA[Finding element, try0 with locator:xpath:-:((//tr)[8]//td//input[@type='number'])[3]]]>
    </line>
    <line>
      <![CDATA[Finding element using: xpath:-:((//tr)[8]//td//input[@type='number'])[3]]]>
    </line>
    <line>
      <![CDATA[Finding element, try0 with locator:xpath:-:((//tr)[8]//td//input[@type='number'])[3]]]>
    </line>
    <line>
      <![CDATA[Closing the Browser Successfully]]>
    </line>
  </reporter-output>
  <suite started-at="2025-07-03T10:54:10 UTC" name="Regression" finished-at="2025-07-03T10:54:22 UTC" duration-ms="11972">
    <groups>
    </groups>
    <test started-at="2025-07-03T10:54:10 UTC" name="SignUpValidationTest2" finished-at="2025-07-03T10:54:18 UTC" duration-ms="8257">
      <class name="com.shfwd.smokeTest.DashboardTest2">
        <test-method is-config="true" signature="cleanUp()[pri:0, instance:com.shfwd.smokeTest.DashboardTest2@7ce3cb8e]" started-at="2025-07-03T10:54:10 UTC" name="cleanUp" finished-at="2025-07-03T10:54:10 UTC" duration-ms="6" status="PASS">
          <reporter-output>
          </reporter-output>
        </test-method> <!-- cleanUp -->
        <test-method is-config="true" signature="setUp(org.testng.ITestContext)[pri:0, instance:com.shfwd.smokeTest.DashboardTest2@7ce3cb8e]" started-at="2025-07-03T10:54:10 UTC" name="setUp" finished-at="2025-07-03T10:54:10 UTC" duration-ms="77" status="PASS">
          <params>
            <param index="0">
              <value>
                <![CDATA[org.testng.TestRunner@694abbdc]]>
              </value>
            </param>
          </params>
          <reporter-output>
          </reporter-output>
        </test-method> <!-- setUp -->
        <test-method is-config="true" signature="setUp()[pri:0, instance:com.shfwd.smokeTest.DashboardTest2@7ce3cb8e]" started-at="2025-07-03T10:54:10 UTC" name="setUp" finished-at="2025-07-03T10:54:10 UTC" duration-ms="9" status="PASS">
          <reporter-output>
            <line>
              <![CDATA[url:http://apis-laboriosa.resonanzgroup.com/login]]>
            </line>
            <line>
              <![CDATA[browserName:chrome]]>
            </line>
            <line>
              <![CDATA[driverAgent:null]]>
            </line>
            <line>
              <![CDATA[executionEnvironment:local]]>
            </line>
            <line>
              <![CDATA[browserStackUserName:null]]>
            </line>
            <line>
              <![CDATA[browserStackAuthKey:null]]>
            </line>
            <line>
              <![CDATA[browserStackBrowserVersion:null]]>
            </line>
            <line>
              <![CDATA[browserStackOSVersion:null]]>
            </line>
            <line>
              <![CDATA[os:null]]>
            </line>
            <line>
              <![CDATA[outputPath:output]]>
            </line>
          </reporter-output>
        </test-method> <!-- setUp -->
        <test-method signature="vaueTest()[pri:0, instance:com.shfwd.smokeTest.DashboardTest2@7ce3cb8e]" started-at="2025-07-03T10:54:10 UTC" name="vaueTest" finished-at="2025-07-03T10:54:18 UTC" duration-ms="8046" status="PASS">
          <reporter-output>
            <line>
              <![CDATA[Finding element using: name:-:username]]>
            </line>
            <line>
              <![CDATA[Finding element, try0 with locator:name:-:username]]>
            </line>
            <line>
              <![CDATA[Finding element using: name:-:password]]>
            </line>
            <line>
              <![CDATA[Finding element, try0 with locator:name:-:password]]>
            </line>
            <line>
              <![CDATA[Finding element using: xpath:-://button[text()='Login']]]>
            </line>
            <line>
              <![CDATA[Finding element, try0 with locator:xpath:-://button[text()='Login']]]>
            </line>
            <line>
              <![CDATA[Finding element using: xpath:-:((//tr)[2]//td//input[@type='number'])[1]]]>
            </line>
            <line>
              <![CDATA[Finding element, try0 with locator:xpath:-:((//tr)[2]//td//input[@type='number'])[1]]]>
            </line>
            <line>
              <![CDATA[Finding element using: xpath:-:((//tr)[2]//td//input[@type='number'])[1]]]>
            </line>
            <line>
              <![CDATA[Finding element, try0 with locator:xpath:-:((//tr)[2]//td//input[@type='number'])[1]]]>
            </line>
            <line>
              <![CDATA[Finding element using: xpath:-:((//tr)[2]//td//input[@type='number'])[2]]]>
            </line>
            <line>
              <![CDATA[Finding element, try0 with locator:xpath:-:((//tr)[2]//td//input[@type='number'])[2]]]>
            </line>
            <line>
              <![CDATA[Finding element using: xpath:-:((//tr)[2]//td//input[@type='number'])[2]]]>
            </line>
            <line>
              <![CDATA[Finding element, try0 with locator:xpath:-:((//tr)[2]//td//input[@type='number'])[2]]]>
            </line>
            <line>
              <![CDATA[Finding element using: xpath:-:((//tr)[2]//td//input[@type='number'])[3]]]>
            </line>
            <line>
              <![CDATA[Finding element, try0 with locator:xpath:-:((//tr)[2]//td//input[@type='number'])[3]]]>
            </line>
            <line>
              <![CDATA[Finding element using: xpath:-:((//tr)[2]//td//input[@type='number'])[3]]]>
            </line>
            <line>
              <![CDATA[Finding element, try0 with locator:xpath:-:((//tr)[2]//td//input[@type='number'])[3]]]>
            </line>
            <line>
              <![CDATA[Finding element using: xpath:-:((//tr)[3]//td//input[@type='number'])[1]]]>
            </line>
            <line>
              <![CDATA[Finding element, try0 with locator:xpath:-:((//tr)[3]//td//input[@type='number'])[1]]]>
            </line>
            <line>
              <![CDATA[Finding element using: xpath:-:((//tr)[3]//td//input[@type='number'])[1]]]>
            </line>
            <line>
              <![CDATA[Finding element, try0 with locator:xpath:-:((//tr)[3]//td//input[@type='number'])[1]]]>
            </line>
            <line>
              <![CDATA[Finding element using: xpath:-:((//tr)[3]//td//input[@type='number'])[2]]]>
            </line>
            <line>
              <![CDATA[Finding element, try0 with locator:xpath:-:((//tr)[3]//td//input[@type='number'])[2]]]>
            </line>
            <line>
              <![CDATA[Finding element using: xpath:-:((//tr)[3]//td//input[@type='number'])[2]]]>
            </line>
            <line>
              <![CDATA[Finding element, try0 with locator:xpath:-:((//tr)[3]//td//input[@type='number'])[2]]]>
            </line>
            <line>
              <![CDATA[Finding element using: xpath:-:((//tr)[3]//td//input[@type='number'])[3]]]>
            </line>
            <line>
              <![CDATA[Finding element, try0 with locator:xpath:-:((//tr)[3]//td//input[@type='number'])[3]]]>
            </line>
            <line>
              <![CDATA[Finding element using: xpath:-:((//tr)[3]//td//input[@type='number'])[3]]]>
            </line>
            <line>
              <![CDATA[Finding element, try0 with locator:xpath:-:((//tr)[3]//td//input[@type='number'])[3]]]>
            </line>
            <line>
              <![CDATA[Finding element using: xpath:-:((//tr)[4]//td//input[@type='number'])[1]]]>
            </line>
            <line>
              <![CDATA[Finding element, try0 with locator:xpath:-:((//tr)[4]//td//input[@type='number'])[1]]]>
            </line>
            <line>
              <![CDATA[Finding element using: xpath:-:((//tr)[4]//td//input[@type='number'])[1]]]>
            </line>
            <line>
              <![CDATA[Finding element, try0 with locator:xpath:-:((//tr)[4]//td//input[@type='number'])[1]]]>
            </line>
            <line>
              <![CDATA[Finding element using: xpath:-:((//tr)[4]//td//input[@type='number'])[2]]]>
            </line>
            <line>
              <![CDATA[Finding element, try0 with locator:xpath:-:((//tr)[4]//td//input[@type='number'])[2]]]>
            </line>
            <line>
              <![CDATA[Finding element using: xpath:-:((//tr)[4]//td//input[@type='number'])[2]]]>
            </line>
            <line>
              <![CDATA[Finding element, try0 with locator:xpath:-:((//tr)[4]//td//input[@type='number'])[2]]]>
            </line>
            <line>
              <![CDATA[Finding element using: xpath:-:((//tr)[4]//td//input[@type='number'])[3]]]>
            </line>
            <line>
              <![CDATA[Finding element, try0 with locator:xpath:-:((//tr)[4]//td//input[@type='number'])[3]]]>
            </line>
            <line>
              <![CDATA[Finding element using: xpath:-:((//tr)[4]//td//input[@type='number'])[3]]]>
            </line>
            <line>
              <![CDATA[Finding element, try0 with locator:xpath:-:((//tr)[4]//td//input[@type='number'])[3]]]>
            </line>
            <line>
              <![CDATA[Finding element using: xpath:-:((//tr)[5]//td//input[@type='number'])[1]]]>
            </line>
            <line>
              <![CDATA[Finding element, try0 with locator:xpath:-:((//tr)[5]//td//input[@type='number'])[1]]]>
            </line>
            <line>
              <![CDATA[Finding element using: xpath:-:((//tr)[5]//td//input[@type='number'])[1]]]>
            </line>
            <line>
              <![CDATA[Finding element, try0 with locator:xpath:-:((//tr)[5]//td//input[@type='number'])[1]]]>
            </line>
            <line>
              <![CDATA[Finding element using: xpath:-:((//tr)[5]//td//input[@type='number'])[2]]]>
            </line>
            <line>
              <![CDATA[Finding element, try0 with locator:xpath:-:((//tr)[5]//td//input[@type='number'])[2]]]>
            </line>
            <line>
              <![CDATA[Finding element using: xpath:-:((//tr)[5]//td//input[@type='number'])[2]]]>
            </line>
            <line>
              <![CDATA[Finding element, try0 with locator:xpath:-:((//tr)[5]//td//input[@type='number'])[2]]]>
            </line>
            <line>
              <![CDATA[Finding element using: xpath:-:((//tr)[5]//td//input[@type='number'])[3]]]>
            </line>
            <line>
              <![CDATA[Finding element, try0 with locator:xpath:-:((//tr)[5]//td//input[@type='number'])[3]]]>
            </line>
            <line>
              <![CDATA[Finding element using: xpath:-:((//tr)[5]//td//input[@type='number'])[3]]]>
            </line>
            <line>
              <![CDATA[Finding element, try0 with locator:xpath:-:((//tr)[5]//td//input[@type='number'])[3]]]>
            </line>
            <line>
              <![CDATA[Finding element using: xpath:-:((//tr)[6]//td//input[@type='number'])[1]]]>
            </line>
            <line>
              <![CDATA[Finding element, try0 with locator:xpath:-:((//tr)[6]//td//input[@type='number'])[1]]]>
            </line>
            <line>
              <![CDATA[Finding element using: xpath:-:((//tr)[6]//td//input[@type='number'])[1]]]>
            </line>
            <line>
              <![CDATA[Finding element, try0 with locator:xpath:-:((//tr)[6]//td//input[@type='number'])[1]]]>
            </line>
            <line>
              <![CDATA[Finding element using: xpath:-:((//tr)[6]//td//input[@type='number'])[2]]]>
            </line>
            <line>
              <![CDATA[Finding element, try0 with locator:xpath:-:((//tr)[6]//td//input[@type='number'])[2]]]>
            </line>
            <line>
              <![CDATA[Finding element using: xpath:-:((//tr)[6]//td//input[@type='number'])[2]]]>
            </line>
            <line>
              <![CDATA[Finding element, try0 with locator:xpath:-:((//tr)[6]//td//input[@type='number'])[2]]]>
            </line>
            <line>
              <![CDATA[Finding element using: xpath:-:((//tr)[6]//td//input[@type='number'])[3]]]>
            </line>
            <line>
              <![CDATA[Finding element, try0 with locator:xpath:-:((//tr)[6]//td//input[@type='number'])[3]]]>
            </line>
            <line>
              <![CDATA[Finding element using: xpath:-:((//tr)[6]//td//input[@type='number'])[3]]]>
            </line>
            <line>
              <![CDATA[Finding element, try0 with locator:xpath:-:((//tr)[6]//td//input[@type='number'])[3]]]>
            </line>
            <line>
              <![CDATA[Finding element using: xpath:-:((//tr)[7]//td//input[@type='number'])[1]]]>
            </line>
            <line>
              <![CDATA[Finding element, try0 with locator:xpath:-:((//tr)[7]//td//input[@type='number'])[1]]]>
            </line>
            <line>
              <![CDATA[Finding element using: xpath:-:((//tr)[7]//td//input[@type='number'])[1]]]>
            </line>
            <line>
              <![CDATA[Finding element, try0 with locator:xpath:-:((//tr)[7]//td//input[@type='number'])[1]]]>
            </line>
            <line>
              <![CDATA[Finding element using: xpath:-:((//tr)[7]//td//input[@type='number'])[2]]]>
            </line>
            <line>
              <![CDATA[Finding element, try0 with locator:xpath:-:((//tr)[7]//td//input[@type='number'])[2]]]>
            </line>
            <line>
              <![CDATA[Finding element using: xpath:-:((//tr)[7]//td//input[@type='number'])[2]]]>
            </line>
            <line>
              <![CDATA[Finding element, try0 with locator:xpath:-:((//tr)[7]//td//input[@type='number'])[2]]]>
            </line>
            <line>
              <![CDATA[Finding element using: xpath:-:((//tr)[7]//td//input[@type='number'])[3]]]>
            </line>
            <line>
              <![CDATA[Finding element, try0 with locator:xpath:-:((//tr)[7]//td//input[@type='number'])[3]]]>
            </line>
            <line>
              <![CDATA[Finding element using: xpath:-:((//tr)[7]//td//input[@type='number'])[3]]]>
            </line>
            <line>
              <![CDATA[Finding element, try0 with locator:xpath:-:((//tr)[7]//td//input[@type='number'])[3]]]>
            </line>
            <line>
              <![CDATA[Finding element using: xpath:-:((//tr)[8]//td//input[@type='number'])[1]]]>
            </line>
            <line>
              <![CDATA[Finding element, try0 with locator:xpath:-:((//tr)[8]//td//input[@type='number'])[1]]]>
            </line>
            <line>
              <![CDATA[Finding element using: xpath:-:((//tr)[8]//td//input[@type='number'])[1]]]>
            </line>
            <line>
              <![CDATA[Finding element, try0 with locator:xpath:-:((//tr)[8]//td//input[@type='number'])[1]]]>
            </line>
            <line>
              <![CDATA[Finding element using: xpath:-:((//tr)[8]//td//input[@type='number'])[2]]]>
            </line>
            <line>
              <![CDATA[Finding element, try0 with locator:xpath:-:((//tr)[8]//td//input[@type='number'])[2]]]>
            </line>
            <line>
              <![CDATA[Finding element using: xpath:-:((//tr)[8]//td//input[@type='number'])[2]]]>
            </line>
            <line>
              <![CDATA[Finding element, try0 with locator:xpath:-:((//tr)[8]//td//input[@type='number'])[2]]]>
            </line>
            <line>
              <![CDATA[Finding element using: xpath:-:((//tr)[8]//td//input[@type='number'])[3]]]>
            </line>
            <line>
              <![CDATA[Finding element, try0 with locator:xpath:-:((//tr)[8]//td//input[@type='number'])[3]]]>
            </line>
            <line>
              <![CDATA[Finding element using: xpath:-:((//tr)[8]//td//input[@type='number'])[3]]]>
            </line>
            <line>
              <![CDATA[Finding element, try0 with locator:xpath:-:((//tr)[8]//td//input[@type='number'])[3]]]>
            </line>
          </reporter-output>
        </test-method> <!-- vaueTest -->
        <test-method is-config="true" signature="checkAlerts(org.testng.ITestResult)[pri:0, instance:com.shfwd.smokeTest.DashboardTest2@7ce3cb8e]" started-at="2025-07-03T10:54:18 UTC" name="checkAlerts" finished-at="2025-07-03T10:54:18 UTC" duration-ms="102" status="PASS">
          <params>
            <param index="0">
              <value>
                <![CDATA[[TestResult name=vaueTest status=SUCCESS method=DashboardTest2.vaueTest()[pri:0, instance:com.shfwd.smokeTest.DashboardTest2@7ce3cb8e] output=Finding element using: name:-:username]]]>
              </value>
            </param>
          </params>
          <reporter-output>
          </reporter-output>
        </test-method> <!-- checkAlerts -->
        <test-method is-config="true" signature="quitBrowser()[pri:0, instance:com.shfwd.smokeTest.DashboardTest2@7ce3cb8e]" started-at="2025-07-03T10:54:18 UTC" name="quitBrowser" finished-at="2025-07-03T10:54:18 UTC" duration-ms="1" status="PASS">
          <reporter-output>
            <line>
              <![CDATA[Closing the Browser Successfully]]>
            </line>
          </reporter-output>
        </test-method> <!-- quitBrowser -->
      </class> <!-- com.shfwd.smokeTest.DashboardTest2 -->
    </test> <!-- SignUpValidationTest2 -->
    <test started-at="2025-07-03T10:54:10 UTC" name="SignUpValidationTest1" finished-at="2025-07-03T10:54:21 UTC" duration-ms="11001">
      <class name="com.shfwd.smokeTest.DashboardTest">
        <test-method is-config="true" signature="setUp(org.testng.ITestContext)[pri:0, instance:com.shfwd.smokeTest.DashboardTest@7880cdf3]" started-at="2025-07-03T10:54:10 UTC" name="setUp" finished-at="2025-07-03T10:54:10 UTC" duration-ms="76" status="PASS">
          <params>
            <param index="0">
              <value>
                <![CDATA[org.testng.TestRunner@2e005c4b]]>
              </value>
            </param>
          </params>
          <reporter-output>
          </reporter-output>
        </test-method> <!-- setUp -->
        <test-method is-config="true" signature="setUp()[pri:0, instance:com.shfwd.smokeTest.DashboardTest@7880cdf3]" started-at="2025-07-03T10:54:10 UTC" name="setUp" finished-at="2025-07-03T10:54:10 UTC" duration-ms="10" status="PASS">
          <reporter-output>
            <line>
              <![CDATA[url:http://apis-laboriosa.resonanzgroup.com/login]]>
            </line>
            <line>
              <![CDATA[browserName:chrome]]>
            </line>
            <line>
              <![CDATA[driverAgent:null]]>
            </line>
            <line>
              <![CDATA[executionEnvironment:local]]>
            </line>
            <line>
              <![CDATA[browserStackUserName:null]]>
            </line>
            <line>
              <![CDATA[browserStackAuthKey:null]]>
            </line>
            <line>
              <![CDATA[browserStackBrowserVersion:null]]>
            </line>
            <line>
              <![CDATA[browserStackOSVersion:null]]>
            </line>
            <line>
              <![CDATA[os:null]]>
            </line>
            <line>
              <![CDATA[outputPath:output]]>
            </line>
          </reporter-output>
        </test-method> <!-- setUp -->
        <test-method signature="vaueTest()[pri:0, instance:com.shfwd.smokeTest.DashboardTest@7880cdf3]" started-at="2025-07-03T10:54:10 UTC" name="vaueTest" finished-at="2025-07-03T10:54:21 UTC" duration-ms="10806" status="PASS">
          <reporter-output>
            <line>
              <![CDATA[Finding element using: name:-:username]]>
            </line>
            <line>
              <![CDATA[Finding element, try0 with locator:name:-:username]]>
            </line>
            <line>
              <![CDATA[Finding element, try1 with locator:name:-:username]]>
            </line>
            <line>
              <![CDATA[Finding element using: name:-:password]]>
            </line>
            <line>
              <![CDATA[Finding element, try0 with locator:name:-:password]]>
            </line>
            <line>
              <![CDATA[Finding element using: xpath:-://button[text()='Login']]]>
            </line>
            <line>
              <![CDATA[Finding element, try0 with locator:xpath:-://button[text()='Login']]]>
            </line>
          </reporter-output>
        </test-method> <!-- vaueTest -->
        <test-method is-config="true" signature="checkAlerts(org.testng.ITestResult)[pri:0, instance:com.shfwd.smokeTest.DashboardTest@7880cdf3]" started-at="2025-07-03T10:54:21 UTC" name="checkAlerts" finished-at="2025-07-03T10:54:21 UTC" duration-ms="86" status="PASS">
          <params>
            <param index="0">
              <value>
                <![CDATA[[TestResult name=vaueTest status=SUCCESS method=DashboardTest.vaueTest()[pri:0, instance:com.shfwd.smokeTest.DashboardTest@7880cdf3] output=Finding element using: name:-:username]]]>
              </value>
            </param>
          </params>
          <reporter-output>
          </reporter-output>
        </test-method> <!-- checkAlerts -->
        <test-method is-config="true" signature="quitBrowser()[pri:0, instance:com.shfwd.smokeTest.DashboardTest@7880cdf3]" started-at="2025-07-03T10:54:21 UTC" name="quitBrowser" finished-at="2025-07-03T10:54:21 UTC" duration-ms="0" status="PASS">
          <reporter-output>
            <line>
              <![CDATA[Closing the Browser Successfully]]>
            </line>
          </reporter-output>
        </test-method> <!-- quitBrowser -->
      </class> <!-- com.shfwd.smokeTest.DashboardTest -->
    </test> <!-- SignUpValidationTest1 -->
    <test started-at="2025-07-03T10:54:10 UTC" name="SignUpValidationTest" finished-at="2025-07-03T10:54:22 UTC" duration-ms="11972">
      <class name="com.shfwd.smokeTest.DashboardTest">
        <test-method is-config="true" signature="setUp(org.testng.ITestContext)[pri:0, instance:com.shfwd.smokeTest.DashboardTest@7c469c48]" started-at="2025-07-03T10:54:10 UTC" name="setUp" finished-at="2025-07-03T10:54:10 UTC" duration-ms="78" status="PASS">
          <params>
            <param index="0">
              <value>
                <![CDATA[org.testng.TestRunner@44ebcd03]]>
              </value>
            </param>
          </params>
          <reporter-output>
          </reporter-output>
        </test-method> <!-- setUp -->
        <test-method is-config="true" signature="setUp()[pri:0, instance:com.shfwd.smokeTest.DashboardTest@7c469c48]" started-at="2025-07-03T10:54:10 UTC" name="setUp" finished-at="2025-07-03T10:54:10 UTC" duration-ms="8" status="PASS">
          <reporter-output>
            <line>
              <![CDATA[url:http://apis-laboriosa.resonanzgroup.com/login]]>
            </line>
            <line>
              <![CDATA[browserName:chrome]]>
            </line>
            <line>
              <![CDATA[driverAgent:null]]>
            </line>
            <line>
              <![CDATA[executionEnvironment:local]]>
            </line>
            <line>
              <![CDATA[browserStackUserName:null]]>
            </line>
            <line>
              <![CDATA[browserStackAuthKey:null]]>
            </line>
            <line>
              <![CDATA[browserStackBrowserVersion:null]]>
            </line>
            <line>
              <![CDATA[browserStackOSVersion:null]]>
            </line>
            <line>
              <![CDATA[os:null]]>
            </line>
            <line>
              <![CDATA[outputPath:output]]>
            </line>
          </reporter-output>
        </test-method> <!-- setUp -->
        <test-method signature="vaueTest()[pri:0, instance:com.shfwd.smokeTest.DashboardTest@7c469c48]" started-at="2025-07-03T10:54:10 UTC" name="vaueTest" finished-at="2025-07-03T10:54:22 UTC" duration-ms="11770" status="PASS">
          <reporter-output>
            <line>
              <![CDATA[Finding element using: name:-:username]]>
            </line>
            <line>
              <![CDATA[Finding element, try0 with locator:name:-:username]]>
            </line>
            <line>
              <![CDATA[Finding element, try1 with locator:name:-:username]]>
            </line>
            <line>
              <![CDATA[Finding element using: name:-:password]]>
            </line>
            <line>
              <![CDATA[Finding element, try0 with locator:name:-:password]]>
            </line>
            <line>
              <![CDATA[Finding element using: xpath:-://button[text()='Login']]]>
            </line>
            <line>
              <![CDATA[Finding element, try0 with locator:xpath:-://button[text()='Login']]]>
            </line>
            <line>
              <![CDATA[Finding element using: xpath:-:((//tr)[2]//td//input[@type='number'])[1]]]>
            </line>
            <line>
              <![CDATA[Finding element, try0 with locator:xpath:-:((//tr)[2]//td//input[@type='number'])[1]]]>
            </line>
            <line>
              <![CDATA[Finding element using: xpath:-:((//tr)[2]//td//input[@type='number'])[1]]]>
            </line>
            <line>
              <![CDATA[Finding element, try0 with locator:xpath:-:((//tr)[2]//td//input[@type='number'])[1]]]>
            </line>
            <line>
              <![CDATA[Finding element using: xpath:-:((//tr)[2]//td//input[@type='number'])[2]]]>
            </line>
            <line>
              <![CDATA[Finding element, try0 with locator:xpath:-:((//tr)[2]//td//input[@type='number'])[2]]]>
            </line>
            <line>
              <![CDATA[Finding element using: xpath:-:((//tr)[2]//td//input[@type='number'])[2]]]>
            </line>
            <line>
              <![CDATA[Finding element, try0 with locator:xpath:-:((//tr)[2]//td//input[@type='number'])[2]]]>
            </line>
            <line>
              <![CDATA[Finding element using: xpath:-:((//tr)[2]//td//input[@type='number'])[3]]]>
            </line>
            <line>
              <![CDATA[Finding element, try0 with locator:xpath:-:((//tr)[2]//td//input[@type='number'])[3]]]>
            </line>
            <line>
              <![CDATA[Finding element using: xpath:-:((//tr)[2]//td//input[@type='number'])[3]]]>
            </line>
            <line>
              <![CDATA[Finding element, try0 with locator:xpath:-:((//tr)[2]//td//input[@type='number'])[3]]]>
            </line>
            <line>
              <![CDATA[Finding element using: xpath:-:((//tr)[3]//td//input[@type='number'])[1]]]>
            </line>
            <line>
              <![CDATA[Finding element, try0 with locator:xpath:-:((//tr)[3]//td//input[@type='number'])[1]]]>
            </line>
            <line>
              <![CDATA[Finding element using: xpath:-:((//tr)[3]//td//input[@type='number'])[1]]]>
            </line>
            <line>
              <![CDATA[Finding element, try0 with locator:xpath:-:((//tr)[3]//td//input[@type='number'])[1]]]>
            </line>
            <line>
              <![CDATA[Finding element using: xpath:-:((//tr)[3]//td//input[@type='number'])[2]]]>
            </line>
            <line>
              <![CDATA[Finding element, try0 with locator:xpath:-:((//tr)[3]//td//input[@type='number'])[2]]]>
            </line>
            <line>
              <![CDATA[Finding element using: xpath:-:((//tr)[3]//td//input[@type='number'])[2]]]>
            </line>
            <line>
              <![CDATA[Finding element, try0 with locator:xpath:-:((//tr)[3]//td//input[@type='number'])[2]]]>
            </line>
            <line>
              <![CDATA[Finding element using: xpath:-:((//tr)[3]//td//input[@type='number'])[3]]]>
            </line>
            <line>
              <![CDATA[Finding element, try0 with locator:xpath:-:((//tr)[3]//td//input[@type='number'])[3]]]>
            </line>
            <line>
              <![CDATA[Finding element using: xpath:-:((//tr)[3]//td//input[@type='number'])[3]]]>
            </line>
            <line>
              <![CDATA[Finding element, try0 with locator:xpath:-:((//tr)[3]//td//input[@type='number'])[3]]]>
            </line>
            <line>
              <![CDATA[Finding element using: xpath:-:((//tr)[4]//td//input[@type='number'])[1]]]>
            </line>
            <line>
              <![CDATA[Finding element, try0 with locator:xpath:-:((//tr)[4]//td//input[@type='number'])[1]]]>
            </line>
            <line>
              <![CDATA[Finding element using: xpath:-:((//tr)[4]//td//input[@type='number'])[1]]]>
            </line>
            <line>
              <![CDATA[Finding element, try0 with locator:xpath:-:((//tr)[4]//td//input[@type='number'])[1]]]>
            </line>
            <line>
              <![CDATA[Finding element using: xpath:-:((//tr)[4]//td//input[@type='number'])[2]]]>
            </line>
            <line>
              <![CDATA[Finding element, try0 with locator:xpath:-:((//tr)[4]//td//input[@type='number'])[2]]]>
            </line>
            <line>
              <![CDATA[Finding element using: xpath:-:((//tr)[4]//td//input[@type='number'])[2]]]>
            </line>
            <line>
              <![CDATA[Finding element, try0 with locator:xpath:-:((//tr)[4]//td//input[@type='number'])[2]]]>
            </line>
            <line>
              <![CDATA[Finding element using: xpath:-:((//tr)[4]//td//input[@type='number'])[3]]]>
            </line>
            <line>
              <![CDATA[Finding element, try0 with locator:xpath:-:((//tr)[4]//td//input[@type='number'])[3]]]>
            </line>
            <line>
              <![CDATA[Finding element using: xpath:-:((//tr)[4]//td//input[@type='number'])[3]]]>
            </line>
            <line>
              <![CDATA[Finding element, try0 with locator:xpath:-:((//tr)[4]//td//input[@type='number'])[3]]]>
            </line>
            <line>
              <![CDATA[Finding element using: xpath:-:((//tr)[5]//td//input[@type='number'])[1]]]>
            </line>
            <line>
              <![CDATA[Finding element, try0 with locator:xpath:-:((//tr)[5]//td//input[@type='number'])[1]]]>
            </line>
            <line>
              <![CDATA[Finding element using: xpath:-:((//tr)[5]//td//input[@type='number'])[1]]]>
            </line>
            <line>
              <![CDATA[Finding element, try0 with locator:xpath:-:((//tr)[5]//td//input[@type='number'])[1]]]>
            </line>
            <line>
              <![CDATA[Finding element using: xpath:-:((//tr)[5]//td//input[@type='number'])[2]]]>
            </line>
            <line>
              <![CDATA[Finding element, try0 with locator:xpath:-:((//tr)[5]//td//input[@type='number'])[2]]]>
            </line>
            <line>
              <![CDATA[Finding element using: xpath:-:((//tr)[5]//td//input[@type='number'])[2]]]>
            </line>
            <line>
              <![CDATA[Finding element, try0 with locator:xpath:-:((//tr)[5]//td//input[@type='number'])[2]]]>
            </line>
            <line>
              <![CDATA[Finding element using: xpath:-:((//tr)[5]//td//input[@type='number'])[3]]]>
            </line>
            <line>
              <![CDATA[Finding element, try0 with locator:xpath:-:((//tr)[5]//td//input[@type='number'])[3]]]>
            </line>
            <line>
              <![CDATA[Finding element using: xpath:-:((//tr)[5]//td//input[@type='number'])[3]]]>
            </line>
            <line>
              <![CDATA[Finding element, try0 with locator:xpath:-:((//tr)[5]//td//input[@type='number'])[3]]]>
            </line>
            <line>
              <![CDATA[Finding element using: xpath:-:((//tr)[6]//td//input[@type='number'])[1]]]>
            </line>
            <line>
              <![CDATA[Finding element, try0 with locator:xpath:-:((//tr)[6]//td//input[@type='number'])[1]]]>
            </line>
            <line>
              <![CDATA[Finding element using: xpath:-:((//tr)[6]//td//input[@type='number'])[1]]]>
            </line>
            <line>
              <![CDATA[Finding element, try0 with locator:xpath:-:((//tr)[6]//td//input[@type='number'])[1]]]>
            </line>
            <line>
              <![CDATA[Finding element using: xpath:-:((//tr)[6]//td//input[@type='number'])[2]]]>
            </line>
            <line>
              <![CDATA[Finding element, try0 with locator:xpath:-:((//tr)[6]//td//input[@type='number'])[2]]]>
            </line>
            <line>
              <![CDATA[Finding element using: xpath:-:((//tr)[6]//td//input[@type='number'])[2]]]>
            </line>
            <line>
              <![CDATA[Finding element, try0 with locator:xpath:-:((//tr)[6]//td//input[@type='number'])[2]]]>
            </line>
            <line>
              <![CDATA[Finding element using: xpath:-:((//tr)[6]//td//input[@type='number'])[3]]]>
            </line>
            <line>
              <![CDATA[Finding element, try0 with locator:xpath:-:((//tr)[6]//td//input[@type='number'])[3]]]>
            </line>
            <line>
              <![CDATA[Finding element using: xpath:-:((//tr)[6]//td//input[@type='number'])[3]]]>
            </line>
            <line>
              <![CDATA[Finding element, try0 with locator:xpath:-:((//tr)[6]//td//input[@type='number'])[3]]]>
            </line>
            <line>
              <![CDATA[Finding element using: xpath:-:((//tr)[7]//td//input[@type='number'])[1]]]>
            </line>
            <line>
              <![CDATA[Finding element, try0 with locator:xpath:-:((//tr)[7]//td//input[@type='number'])[1]]]>
            </line>
            <line>
              <![CDATA[Finding element using: xpath:-:((//tr)[7]//td//input[@type='number'])[1]]]>
            </line>
            <line>
              <![CDATA[Finding element, try0 with locator:xpath:-:((//tr)[7]//td//input[@type='number'])[1]]]>
            </line>
            <line>
              <![CDATA[Finding element using: xpath:-:((//tr)[7]//td//input[@type='number'])[2]]]>
            </line>
            <line>
              <![CDATA[Finding element, try0 with locator:xpath:-:((//tr)[7]//td//input[@type='number'])[2]]]>
            </line>
            <line>
              <![CDATA[Finding element using: xpath:-:((//tr)[7]//td//input[@type='number'])[2]]]>
            </line>
            <line>
              <![CDATA[Finding element, try0 with locator:xpath:-:((//tr)[7]//td//input[@type='number'])[2]]]>
            </line>
            <line>
              <![CDATA[Finding element using: xpath:-:((//tr)[7]//td//input[@type='number'])[3]]]>
            </line>
            <line>
              <![CDATA[Finding element, try0 with locator:xpath:-:((//tr)[7]//td//input[@type='number'])[3]]]>
            </line>
            <line>
              <![CDATA[Finding element using: xpath:-:((//tr)[7]//td//input[@type='number'])[3]]]>
            </line>
            <line>
              <![CDATA[Finding element, try0 with locator:xpath:-:((//tr)[7]//td//input[@type='number'])[3]]]>
            </line>
            <line>
              <![CDATA[Finding element using: xpath:-:((//tr)[8]//td//input[@type='number'])[1]]]>
            </line>
            <line>
              <![CDATA[Finding element, try0 with locator:xpath:-:((//tr)[8]//td//input[@type='number'])[1]]]>
            </line>
            <line>
              <![CDATA[Finding element using: xpath:-:((//tr)[8]//td//input[@type='number'])[1]]]>
            </line>
            <line>
              <![CDATA[Finding element, try0 with locator:xpath:-:((//tr)[8]//td//input[@type='number'])[1]]]>
            </line>
            <line>
              <![CDATA[Finding element using: xpath:-:((//tr)[8]//td//input[@type='number'])[2]]]>
            </line>
            <line>
              <![CDATA[Finding element, try0 with locator:xpath:-:((//tr)[8]//td//input[@type='number'])[2]]]>
            </line>
            <line>
              <![CDATA[Finding element using: xpath:-:((//tr)[8]//td//input[@type='number'])[2]]]>
            </line>
            <line>
              <![CDATA[Finding element, try0 with locator:xpath:-:((//tr)[8]//td//input[@type='number'])[2]]]>
            </line>
            <line>
              <![CDATA[Finding element using: xpath:-:((//tr)[8]//td//input[@type='number'])[3]]]>
            </line>
            <line>
              <![CDATA[Finding element, try0 with locator:xpath:-:((//tr)[8]//td//input[@type='number'])[3]]]>
            </line>
            <line>
              <![CDATA[Finding element using: xpath:-:((//tr)[8]//td//input[@type='number'])[3]]]>
            </line>
            <line>
              <![CDATA[Finding element, try0 with locator:xpath:-:((//tr)[8]//td//input[@type='number'])[3]]]>
            </line>
          </reporter-output>
        </test-method> <!-- vaueTest -->
        <test-method is-config="true" signature="checkAlerts(org.testng.ITestResult)[pri:0, instance:com.shfwd.smokeTest.DashboardTest@7c469c48]" started-at="2025-07-03T10:54:22 UTC" name="checkAlerts" finished-at="2025-07-03T10:54:22 UTC" duration-ms="88" status="PASS">
          <params>
            <param index="0">
              <value>
                <![CDATA[[TestResult name=vaueTest status=SUCCESS method=DashboardTest.vaueTest()[pri:0, instance:com.shfwd.smokeTest.DashboardTest@7c469c48] output=Finding element using: name:-:username]]]>
              </value>
            </param>
          </params>
          <reporter-output>
          </reporter-output>
        </test-method> <!-- checkAlerts -->
        <test-method is-config="true" signature="quitBrowser()[pri:0, instance:com.shfwd.smokeTest.DashboardTest@7c469c48]" started-at="2025-07-03T10:54:22 UTC" name="quitBrowser" finished-at="2025-07-03T10:54:22 UTC" duration-ms="0" status="PASS">
          <reporter-output>
            <line>
              <![CDATA[Closing the Browser Successfully]]>
            </line>
          </reporter-output>
        </test-method> <!-- quitBrowser -->
      </class> <!-- com.shfwd.smokeTest.DashboardTest -->
    </test> <!-- SignUpValidationTest -->
  </suite> <!-- Regression -->
</testng-results>
