<?xml version="1.0" encoding="UTF-8"?>
<testng-results ignored="0" total="2" passed="2" failed="0" skipped="0">
  <reporter-output>
    <line>
      <![CDATA[url:http://apis-laboriosa.resonanzgroup.com/login]]>
    </line>
    <line>
      <![CDATA[url:http://apis-laboriosa.resonanzgroup.com/login]]>
    </line>
    <line>
      <![CDATA[browserName:chrome]]>
    </line>
    <line>
      <![CDATA[driverAgent:null]]>
    </line>
    <line>
      <![CDATA[browserName:chrome]]>
    </line>
    <line>
      <![CDATA[executionEnvironment:local]]>
    </line>
    <line>
      <![CDATA[driverAgent:null]]>
    </line>
    <line>
      <![CDATA[executionEnvironment:local]]>
    </line>
    <line>
      <![CDATA[browserStackUserName:null]]>
    </line>
    <line>
      <![CDATA[browserStackUserName:null]]>
    </line>
    <line>
      <![CDATA[browserStackAuthKey:null]]>
    </line>
    <line>
      <![CDATA[browserStackBrowserVersion:null]]>
    </line>
    <line>
      <![CDATA[browserStackOSVersion:null]]>
    </line>
    <line>
      <![CDATA[os:null]]>
    </line>
    <line>
      <![CDATA[outputPath:output]]>
    </line>
    <line>
      <![CDATA[browserStackAuthKey:null]]>
    </line>
    <line>
      <![CDATA[browserStackBrowserVersion:null]]>
    </line>
    <line>
      <![CDATA[browserStackOSVersion:null]]>
    </line>
    <line>
      <![CDATA[os:null]]>
    </line>
    <line>
      <![CDATA[outputPath:output]]>
    </line>
    <line>
      <![CDATA[Finding element using: name:-:username]]>
    </line>
    <line>
      <![CDATA[Finding element, try0 with locator:name:-:username]]>
    </line>
    <line>
      <![CDATA[Finding element using: name:-:username]]>
    </line>
    <line>
      <![CDATA[Finding element, try0 with locator:name:-:username]]>
    </line>
    <line>
      <![CDATA[Finding element, try1 with locator:name:-:username]]>
    </line>
    <line>
      <![CDATA[Finding element using: name:-:password]]>
    </line>
    <line>
      <![CDATA[Finding element, try0 with locator:name:-:password]]>
    </line>
    <line>
      <![CDATA[Finding element using: xpath:-://button[text()='Login']]]>
    </line>
    <line>
      <![CDATA[Finding element, try0 with locator:xpath:-://button[text()='Login']]]>
    </line>
    <line>
      <![CDATA[Finding element, try1 with locator:name:-:username]]>
    </line>
    <line>
      <![CDATA[Finding element using: name:-:password]]>
    </line>
    <line>
      <![CDATA[Finding element, try0 with locator:name:-:password]]>
    </line>
    <line>
      <![CDATA[Finding element using: xpath:-://button[text()='Login']]]>
    </line>
    <line>
      <![CDATA[Finding element, try0 with locator:xpath:-://button[text()='Login']]]>
    </line>
    <line>
      <![CDATA[Finding element using: xpath:-:((//tr)[2]//td//input[@type='number'])[1]]]>
    </line>
    <line>
      <![CDATA[Finding element, try0 with locator:xpath:-:((//tr)[2]//td//input[@type='number'])[1]]]>
    </line>
    <line>
      <![CDATA[Finding element using: xpath:-:((//tr)[2]//td//input[@type='number'])[1]]]>
    </line>
    <line>
      <![CDATA[Finding element, try0 with locator:xpath:-:((//tr)[2]//td//input[@type='number'])[1]]]>
    </line>
    <line>
      <![CDATA[Finding element using: xpath:-:((//tr)[2]//td//input[@type='number'])[2]]]>
    </line>
    <line>
      <![CDATA[Finding element, try0 with locator:xpath:-:((//tr)[2]//td//input[@type='number'])[2]]]>
    </line>
    <line>
      <![CDATA[Finding element using: xpath:-:((//tr)[2]//td//input[@type='number'])[2]]]>
    </line>
    <line>
      <![CDATA[Finding element, try0 with locator:xpath:-:((//tr)[2]//td//input[@type='number'])[2]]]>
    </line>
    <line>
      <![CDATA[Finding element using: xpath:-:((//tr)[2]//td//input[@type='number'])[3]]]>
    </line>
    <line>
      <![CDATA[Finding element, try0 with locator:xpath:-:((//tr)[2]//td//input[@type='number'])[3]]]>
    </line>
    <line>
      <![CDATA[Finding element using: xpath:-:((//tr)[2]//td//input[@type='number'])[3]]]>
    </line>
    <line>
      <![CDATA[Finding element, try0 with locator:xpath:-:((//tr)[2]//td//input[@type='number'])[3]]]>
    </line>
    <line>
      <![CDATA[Finding element using: xpath:-:((//tr)[3]//td//input[@type='number'])[1]]]>
    </line>
    <line>
      <![CDATA[Finding element, try0 with locator:xpath:-:((//tr)[3]//td//input[@type='number'])[1]]]>
    </line>
    <line>
      <![CDATA[Finding element using: xpath:-:((//tr)[3]//td//input[@type='number'])[1]]]>
    </line>
    <line>
      <![CDATA[Finding element, try0 with locator:xpath:-:((//tr)[3]//td//input[@type='number'])[1]]]>
    </line>
    <line>
      <![CDATA[Finding element using: xpath:-:((//tr)[3]//td//input[@type='number'])[2]]]>
    </line>
    <line>
      <![CDATA[Finding element, try0 with locator:xpath:-:((//tr)[3]//td//input[@type='number'])[2]]]>
    </line>
    <line>
      <![CDATA[Finding element using: xpath:-:((//tr)[3]//td//input[@type='number'])[2]]]>
    </line>
    <line>
      <![CDATA[Finding element, try0 with locator:xpath:-:((//tr)[3]//td//input[@type='number'])[2]]]>
    </line>
    <line>
      <![CDATA[Finding element using: xpath:-:((//tr)[3]//td//input[@type='number'])[3]]]>
    </line>
    <line>
      <![CDATA[Finding element, try0 with locator:xpath:-:((//tr)[3]//td//input[@type='number'])[3]]]>
    </line>
    <line>
      <![CDATA[Finding element using: xpath:-:((//tr)[3]//td//input[@type='number'])[3]]]>
    </line>
    <line>
      <![CDATA[Finding element, try0 with locator:xpath:-:((//tr)[3]//td//input[@type='number'])[3]]]>
    </line>
    <line>
      <![CDATA[Finding element using: xpath:-:((//tr)[4]//td//input[@type='number'])[1]]]>
    </line>
    <line>
      <![CDATA[Finding element, try0 with locator:xpath:-:((//tr)[4]//td//input[@type='number'])[1]]]>
    </line>
    <line>
      <![CDATA[Finding element using: xpath:-:((//tr)[4]//td//input[@type='number'])[1]]]>
    </line>
    <line>
      <![CDATA[Finding element, try0 with locator:xpath:-:((//tr)[4]//td//input[@type='number'])[1]]]>
    </line>
    <line>
      <![CDATA[Finding element using: xpath:-:((//tr)[4]//td//input[@type='number'])[2]]]>
    </line>
    <line>
      <![CDATA[Finding element, try0 with locator:xpath:-:((//tr)[4]//td//input[@type='number'])[2]]]>
    </line>
    <line>
      <![CDATA[Finding element using: xpath:-:((//tr)[4]//td//input[@type='number'])[2]]]>
    </line>
    <line>
      <![CDATA[Finding element, try0 with locator:xpath:-:((//tr)[4]//td//input[@type='number'])[2]]]>
    </line>
    <line>
      <![CDATA[Finding element using: xpath:-:((//tr)[4]//td//input[@type='number'])[3]]]>
    </line>
    <line>
      <![CDATA[Finding element, try0 with locator:xpath:-:((//tr)[4]//td//input[@type='number'])[3]]]>
    </line>
    <line>
      <![CDATA[Finding element using: xpath:-:((//tr)[4]//td//input[@type='number'])[3]]]>
    </line>
    <line>
      <![CDATA[Finding element, try0 with locator:xpath:-:((//tr)[4]//td//input[@type='number'])[3]]]>
    </line>
    <line>
      <![CDATA[Finding element using: xpath:-:((//tr)[5]//td//input[@type='number'])[1]]]>
    </line>
    <line>
      <![CDATA[Finding element, try0 with locator:xpath:-:((//tr)[5]//td//input[@type='number'])[1]]]>
    </line>
    <line>
      <![CDATA[Finding element using: xpath:-:((//tr)[5]//td//input[@type='number'])[1]]]>
    </line>
    <line>
      <![CDATA[Finding element, try0 with locator:xpath:-:((//tr)[5]//td//input[@type='number'])[1]]]>
    </line>
    <line>
      <![CDATA[Finding element using: xpath:-:((//tr)[5]//td//input[@type='number'])[2]]]>
    </line>
    <line>
      <![CDATA[Finding element, try0 with locator:xpath:-:((//tr)[5]//td//input[@type='number'])[2]]]>
    </line>
    <line>
      <![CDATA[Finding element using: xpath:-:((//tr)[5]//td//input[@type='number'])[2]]]>
    </line>
    <line>
      <![CDATA[Finding element, try0 with locator:xpath:-:((//tr)[5]//td//input[@type='number'])[2]]]>
    </line>
    <line>
      <![CDATA[Finding element using: xpath:-:((//tr)[5]//td//input[@type='number'])[3]]]>
    </line>
    <line>
      <![CDATA[Finding element, try0 with locator:xpath:-:((//tr)[5]//td//input[@type='number'])[3]]]>
    </line>
    <line>
      <![CDATA[Finding element using: xpath:-:((//tr)[5]//td//input[@type='number'])[3]]]>
    </line>
    <line>
      <![CDATA[Finding element, try0 with locator:xpath:-:((//tr)[5]//td//input[@type='number'])[3]]]>
    </line>
    <line>
      <![CDATA[Finding element using: xpath:-:((//tr)[6]//td//input[@type='number'])[1]]]>
    </line>
    <line>
      <![CDATA[Finding element, try0 with locator:xpath:-:((//tr)[6]//td//input[@type='number'])[1]]]>
    </line>
    <line>
      <![CDATA[Finding element using: xpath:-:((//tr)[6]//td//input[@type='number'])[1]]]>
    </line>
    <line>
      <![CDATA[Finding element, try0 with locator:xpath:-:((//tr)[6]//td//input[@type='number'])[1]]]>
    </line>
    <line>
      <![CDATA[Finding element using: xpath:-:((//tr)[6]//td//input[@type='number'])[2]]]>
    </line>
    <line>
      <![CDATA[Finding element, try0 with locator:xpath:-:((//tr)[6]//td//input[@type='number'])[2]]]>
    </line>
    <line>
      <![CDATA[Finding element using: xpath:-:((//tr)[6]//td//input[@type='number'])[2]]]>
    </line>
    <line>
      <![CDATA[Finding element, try0 with locator:xpath:-:((//tr)[6]//td//input[@type='number'])[2]]]>
    </line>
    <line>
      <![CDATA[Finding element using: xpath:-:((//tr)[6]//td//input[@type='number'])[3]]]>
    </line>
    <line>
      <![CDATA[Finding element, try0 with locator:xpath:-:((//tr)[6]//td//input[@type='number'])[3]]]>
    </line>
    <line>
      <![CDATA[Finding element using: xpath:-:((//tr)[6]//td//input[@type='number'])[3]]]>
    </line>
    <line>
      <![CDATA[Finding element, try0 with locator:xpath:-:((//tr)[6]//td//input[@type='number'])[3]]]>
    </line>
    <line>
      <![CDATA[Finding element using: xpath:-:((//tr)[7]//td//input[@type='number'])[1]]]>
    </line>
    <line>
      <![CDATA[Finding element, try0 with locator:xpath:-:((//tr)[7]//td//input[@type='number'])[1]]]>
    </line>
    <line>
      <![CDATA[Finding element using: xpath:-:((//tr)[7]//td//input[@type='number'])[1]]]>
    </line>
    <line>
      <![CDATA[Finding element, try0 with locator:xpath:-:((//tr)[7]//td//input[@type='number'])[1]]]>
    </line>
    <line>
      <![CDATA[Finding element using: xpath:-:((//tr)[7]//td//input[@type='number'])[2]]]>
    </line>
    <line>
      <![CDATA[Finding element, try0 with locator:xpath:-:((//tr)[7]//td//input[@type='number'])[2]]]>
    </line>
    <line>
      <![CDATA[Finding element using: xpath:-:((//tr)[7]//td//input[@type='number'])[2]]]>
    </line>
    <line>
      <![CDATA[Finding element, try0 with locator:xpath:-:((//tr)[7]//td//input[@type='number'])[2]]]>
    </line>
    <line>
      <![CDATA[Finding element using: xpath:-:((//tr)[7]//td//input[@type='number'])[3]]]>
    </line>
    <line>
      <![CDATA[Finding element, try0 with locator:xpath:-:((//tr)[7]//td//input[@type='number'])[3]]]>
    </line>
    <line>
      <![CDATA[Finding element using: xpath:-:((//tr)[7]//td//input[@type='number'])[3]]]>
    </line>
    <line>
      <![CDATA[Finding element, try0 with locator:xpath:-:((//tr)[7]//td//input[@type='number'])[3]]]>
    </line>
    <line>
      <![CDATA[Finding element using: xpath:-:((//tr)[8]//td//input[@type='number'])[1]]]>
    </line>
    <line>
      <![CDATA[Finding element, try0 with locator:xpath:-:((//tr)[8]//td//input[@type='number'])[1]]]>
    </line>
    <line>
      <![CDATA[Finding element using: xpath:-:((//tr)[8]//td//input[@type='number'])[1]]]>
    </line>
    <line>
      <![CDATA[Finding element, try0 with locator:xpath:-:((//tr)[8]//td//input[@type='number'])[1]]]>
    </line>
    <line>
      <![CDATA[Finding element using: xpath:-:((//tr)[8]//td//input[@type='number'])[2]]]>
    </line>
    <line>
      <![CDATA[Finding element, try0 with locator:xpath:-:((//tr)[8]//td//input[@type='number'])[2]]]>
    </line>
    <line>
      <![CDATA[Finding element using: xpath:-:((//tr)[8]//td//input[@type='number'])[2]]]>
    </line>
    <line>
      <![CDATA[Finding element, try0 with locator:xpath:-:((//tr)[8]//td//input[@type='number'])[2]]]>
    </line>
    <line>
      <![CDATA[Finding element using: xpath:-:((//tr)[8]//td//input[@type='number'])[3]]]>
    </line>
    <line>
      <![CDATA[Finding element, try0 with locator:xpath:-:((//tr)[8]//td//input[@type='number'])[3]]]>
    </line>
    <line>
      <![CDATA[Finding element using: xpath:-:((//tr)[8]//td//input[@type='number'])[3]]]>
    </line>
    <line>
      <![CDATA[Finding element, try0 with locator:xpath:-:((//tr)[8]//td//input[@type='number'])[3]]]>
    </line>
    <line>
      <![CDATA[Closing the Browser Successfully]]>
    </line>
    <line>
      <![CDATA[Finding element using: xpath:-:((//tr)[2]//td//input[@type='number'])[1]]]>
    </line>
    <line>
      <![CDATA[Finding element, try0 with locator:xpath:-:((//tr)[2]//td//input[@type='number'])[1]]]>
    </line>
    <line>
      <![CDATA[Finding element using: xpath:-:((//tr)[2]//td//input[@type='number'])[1]]]>
    </line>
    <line>
      <![CDATA[Finding element, try0 with locator:xpath:-:((//tr)[2]//td//input[@type='number'])[1]]]>
    </line>
    <line>
      <![CDATA[Finding element using: xpath:-:((//tr)[2]//td//input[@type='number'])[2]]]>
    </line>
    <line>
      <![CDATA[Finding element, try0 with locator:xpath:-:((//tr)[2]//td//input[@type='number'])[2]]]>
    </line>
    <line>
      <![CDATA[Finding element using: xpath:-:((//tr)[2]//td//input[@type='number'])[2]]]>
    </line>
    <line>
      <![CDATA[Finding element, try0 with locator:xpath:-:((//tr)[2]//td//input[@type='number'])[2]]]>
    </line>
    <line>
      <![CDATA[Finding element using: xpath:-:((//tr)[2]//td//input[@type='number'])[3]]]>
    </line>
    <line>
      <![CDATA[Finding element, try0 with locator:xpath:-:((//tr)[2]//td//input[@type='number'])[3]]]>
    </line>
    <line>
      <![CDATA[Finding element using: xpath:-:((//tr)[2]//td//input[@type='number'])[3]]]>
    </line>
    <line>
      <![CDATA[Finding element, try0 with locator:xpath:-:((//tr)[2]//td//input[@type='number'])[3]]]>
    </line>
    <line>
      <![CDATA[Finding element using: xpath:-:((//tr)[3]//td//input[@type='number'])[1]]]>
    </line>
    <line>
      <![CDATA[Finding element, try0 with locator:xpath:-:((//tr)[3]//td//input[@type='number'])[1]]]>
    </line>
    <line>
      <![CDATA[Finding element using: xpath:-:((//tr)[3]//td//input[@type='number'])[1]]]>
    </line>
    <line>
      <![CDATA[Finding element, try0 with locator:xpath:-:((//tr)[3]//td//input[@type='number'])[1]]]>
    </line>
    <line>
      <![CDATA[Finding element using: xpath:-:((//tr)[3]//td//input[@type='number'])[2]]]>
    </line>
    <line>
      <![CDATA[Finding element, try0 with locator:xpath:-:((//tr)[3]//td//input[@type='number'])[2]]]>
    </line>
    <line>
      <![CDATA[Finding element using: xpath:-:((//tr)[3]//td//input[@type='number'])[2]]]>
    </line>
    <line>
      <![CDATA[Finding element, try0 with locator:xpath:-:((//tr)[3]//td//input[@type='number'])[2]]]>
    </line>
    <line>
      <![CDATA[Finding element using: xpath:-:((//tr)[3]//td//input[@type='number'])[3]]]>
    </line>
    <line>
      <![CDATA[Finding element, try0 with locator:xpath:-:((//tr)[3]//td//input[@type='number'])[3]]]>
    </line>
    <line>
      <![CDATA[Finding element using: xpath:-:((//tr)[3]//td//input[@type='number'])[3]]]>
    </line>
    <line>
      <![CDATA[Finding element, try0 with locator:xpath:-:((//tr)[3]//td//input[@type='number'])[3]]]>
    </line>
    <line>
      <![CDATA[Finding element using: xpath:-:((//tr)[4]//td//input[@type='number'])[1]]]>
    </line>
    <line>
      <![CDATA[Finding element, try0 with locator:xpath:-:((//tr)[4]//td//input[@type='number'])[1]]]>
    </line>
    <line>
      <![CDATA[Finding element using: xpath:-:((//tr)[4]//td//input[@type='number'])[1]]]>
    </line>
    <line>
      <![CDATA[Finding element, try0 with locator:xpath:-:((//tr)[4]//td//input[@type='number'])[1]]]>
    </line>
    <line>
      <![CDATA[Finding element using: xpath:-:((//tr)[4]//td//input[@type='number'])[2]]]>
    </line>
    <line>
      <![CDATA[Finding element, try0 with locator:xpath:-:((//tr)[4]//td//input[@type='number'])[2]]]>
    </line>
    <line>
      <![CDATA[Finding element using: xpath:-:((//tr)[4]//td//input[@type='number'])[2]]]>
    </line>
    <line>
      <![CDATA[Finding element, try0 with locator:xpath:-:((//tr)[4]//td//input[@type='number'])[2]]]>
    </line>
    <line>
      <![CDATA[Finding element using: xpath:-:((//tr)[4]//td//input[@type='number'])[3]]]>
    </line>
    <line>
      <![CDATA[Finding element, try0 with locator:xpath:-:((//tr)[4]//td//input[@type='number'])[3]]]>
    </line>
    <line>
      <![CDATA[Finding element using: xpath:-:((//tr)[4]//td//input[@type='number'])[3]]]>
    </line>
    <line>
      <![CDATA[Finding element, try0 with locator:xpath:-:((//tr)[4]//td//input[@type='number'])[3]]]>
    </line>
    <line>
      <![CDATA[Finding element using: xpath:-:((//tr)[5]//td//input[@type='number'])[1]]]>
    </line>
    <line>
      <![CDATA[Finding element, try0 with locator:xpath:-:((//tr)[5]//td//input[@type='number'])[1]]]>
    </line>
    <line>
      <![CDATA[Finding element using: xpath:-:((//tr)[5]//td//input[@type='number'])[1]]]>
    </line>
    <line>
      <![CDATA[Finding element, try0 with locator:xpath:-:((//tr)[5]//td//input[@type='number'])[1]]]>
    </line>
    <line>
      <![CDATA[Finding element using: xpath:-:((//tr)[5]//td//input[@type='number'])[2]]]>
    </line>
    <line>
      <![CDATA[Finding element, try0 with locator:xpath:-:((//tr)[5]//td//input[@type='number'])[2]]]>
    </line>
    <line>
      <![CDATA[Finding element using: xpath:-:((//tr)[5]//td//input[@type='number'])[2]]]>
    </line>
    <line>
      <![CDATA[Finding element, try0 with locator:xpath:-:((//tr)[5]//td//input[@type='number'])[2]]]>
    </line>
    <line>
      <![CDATA[Finding element using: xpath:-:((//tr)[5]//td//input[@type='number'])[3]]]>
    </line>
    <line>
      <![CDATA[Finding element, try0 with locator:xpath:-:((//tr)[5]//td//input[@type='number'])[3]]]>
    </line>
    <line>
      <![CDATA[Finding element using: xpath:-:((//tr)[5]//td//input[@type='number'])[3]]]>
    </line>
    <line>
      <![CDATA[Finding element, try0 with locator:xpath:-:((//tr)[5]//td//input[@type='number'])[3]]]>
    </line>
    <line>
      <![CDATA[Finding element using: xpath:-:((//tr)[6]//td//input[@type='number'])[1]]]>
    </line>
    <line>
      <![CDATA[Finding element, try0 with locator:xpath:-:((//tr)[6]//td//input[@type='number'])[1]]]>
    </line>
    <line>
      <![CDATA[Finding element using: xpath:-:((//tr)[6]//td//input[@type='number'])[1]]]>
    </line>
    <line>
      <![CDATA[Finding element, try0 with locator:xpath:-:((//tr)[6]//td//input[@type='number'])[1]]]>
    </line>
    <line>
      <![CDATA[Finding element using: xpath:-:((//tr)[6]//td//input[@type='number'])[2]]]>
    </line>
    <line>
      <![CDATA[Finding element, try0 with locator:xpath:-:((//tr)[6]//td//input[@type='number'])[2]]]>
    </line>
    <line>
      <![CDATA[Finding element using: xpath:-:((//tr)[6]//td//input[@type='number'])[2]]]>
    </line>
    <line>
      <![CDATA[Finding element, try0 with locator:xpath:-:((//tr)[6]//td//input[@type='number'])[2]]]>
    </line>
    <line>
      <![CDATA[Finding element using: xpath:-:((//tr)[6]//td//input[@type='number'])[3]]]>
    </line>
    <line>
      <![CDATA[Finding element, try0 with locator:xpath:-:((//tr)[6]//td//input[@type='number'])[3]]]>
    </line>
    <line>
      <![CDATA[Finding element using: xpath:-:((//tr)[6]//td//input[@type='number'])[3]]]>
    </line>
    <line>
      <![CDATA[Finding element, try0 with locator:xpath:-:((//tr)[6]//td//input[@type='number'])[3]]]>
    </line>
    <line>
      <![CDATA[Finding element using: xpath:-:((//tr)[7]//td//input[@type='number'])[1]]]>
    </line>
    <line>
      <![CDATA[Finding element, try0 with locator:xpath:-:((//tr)[7]//td//input[@type='number'])[1]]]>
    </line>
    <line>
      <![CDATA[Finding element using: xpath:-:((//tr)[7]//td//input[@type='number'])[1]]]>
    </line>
    <line>
      <![CDATA[Finding element, try0 with locator:xpath:-:((//tr)[7]//td//input[@type='number'])[1]]]>
    </line>
    <line>
      <![CDATA[Finding element using: xpath:-:((//tr)[7]//td//input[@type='number'])[2]]]>
    </line>
    <line>
      <![CDATA[Finding element, try0 with locator:xpath:-:((//tr)[7]//td//input[@type='number'])[2]]]>
    </line>
    <line>
      <![CDATA[Finding element using: xpath:-:((//tr)[7]//td//input[@type='number'])[2]]]>
    </line>
    <line>
      <![CDATA[Finding element, try0 with locator:xpath:-:((//tr)[7]//td//input[@type='number'])[2]]]>
    </line>
    <line>
      <![CDATA[Finding element using: xpath:-:((//tr)[7]//td//input[@type='number'])[3]]]>
    </line>
    <line>
      <![CDATA[Finding element, try0 with locator:xpath:-:((//tr)[7]//td//input[@type='number'])[3]]]>
    </line>
    <line>
      <![CDATA[Finding element using: xpath:-:((//tr)[7]//td//input[@type='number'])[3]]]>
    </line>
    <line>
      <![CDATA[Finding element, try0 with locator:xpath:-:((//tr)[7]//td//input[@type='number'])[3]]]>
    </line>
    <line>
      <![CDATA[Finding element using: xpath:-:((//tr)[8]//td//input[@type='number'])[1]]]>
    </line>
    <line>
      <![CDATA[Finding element, try0 with locator:xpath:-:((//tr)[8]//td//input[@type='number'])[1]]]>
    </line>
    <line>
      <![CDATA[Finding element using: xpath:-:((//tr)[8]//td//input[@type='number'])[1]]]>
    </line>
    <line>
      <![CDATA[Finding element, try0 with locator:xpath:-:((//tr)[8]//td//input[@type='number'])[1]]]>
    </line>
    <line>
      <![CDATA[Finding element using: xpath:-:((//tr)[8]//td//input[@type='number'])[2]]]>
    </line>
    <line>
      <![CDATA[Finding element, try0 with locator:xpath:-:((//tr)[8]//td//input[@type='number'])[2]]]>
    </line>
    <line>
      <![CDATA[Finding element using: xpath:-:((//tr)[8]//td//input[@type='number'])[2]]]>
    </line>
    <line>
      <![CDATA[Finding element, try0 with locator:xpath:-:((//tr)[8]//td//input[@type='number'])[2]]]>
    </line>
    <line>
      <![CDATA[Finding element using: xpath:-:((//tr)[8]//td//input[@type='number'])[3]]]>
    </line>
    <line>
      <![CDATA[Finding element, try0 with locator:xpath:-:((//tr)[8]//td//input[@type='number'])[3]]]>
    </line>
    <line>
      <![CDATA[Finding element using: xpath:-:((//tr)[8]//td//input[@type='number'])[3]]]>
    </line>
    <line>
      <![CDATA[Finding element, try0 with locator:xpath:-:((//tr)[8]//td//input[@type='number'])[3]]]>
    </line>
    <line>
      <![CDATA[Closing the Browser Successfully]]>
    </line>
  </reporter-output>
  <suite started-at="2025-07-03T08:22:49 UTC" name="Regression" finished-at="2025-07-03T08:23:01 UTC" duration-ms="11473">
    <groups>
    </groups>
    <test started-at="2025-07-03T08:22:49 UTC" name="SignUpValidationTest" finished-at="2025-07-03T08:23:00 UTC" duration-ms="10764">
      <class name="com.shfwd.smokeTest.DashboardTest">
        <test-method is-config="true" signature="setUp(org.testng.ITestContext)[pri:0, instance:com.shfwd.smokeTest.DashboardTest@7c469c48]" started-at="2025-07-03T08:22:49 UTC" name="setUp" finished-at="2025-07-03T08:22:49 UTC" duration-ms="60" status="PASS">
          <params>
            <param index="0">
              <value>
                <![CDATA[org.testng.TestRunner@47af7f3d]]>
              </value>
            </param>
          </params>
          <reporter-output>
          </reporter-output>
        </test-method> <!-- setUp -->
        <test-method is-config="true" signature="setUp()[pri:0, instance:com.shfwd.smokeTest.DashboardTest@7c469c48]" started-at="2025-07-03T08:22:49 UTC" name="setUp" finished-at="2025-07-03T08:22:49 UTC" duration-ms="10" status="PASS">
          <reporter-output>
            <line>
              <![CDATA[url:http://apis-laboriosa.resonanzgroup.com/login]]>
            </line>
            <line>
              <![CDATA[browserName:chrome]]>
            </line>
            <line>
              <![CDATA[driverAgent:null]]>
            </line>
            <line>
              <![CDATA[executionEnvironment:local]]>
            </line>
            <line>
              <![CDATA[browserStackUserName:null]]>
            </line>
            <line>
              <![CDATA[browserStackAuthKey:null]]>
            </line>
            <line>
              <![CDATA[browserStackBrowserVersion:null]]>
            </line>
            <line>
              <![CDATA[browserStackOSVersion:null]]>
            </line>
            <line>
              <![CDATA[os:null]]>
            </line>
            <line>
              <![CDATA[outputPath:output]]>
            </line>
          </reporter-output>
        </test-method> <!-- setUp -->
        <test-method signature="vaueTest()[pri:0, instance:com.shfwd.smokeTest.DashboardTest@7c469c48]" started-at="2025-07-03T08:22:49 UTC" name="vaueTest" finished-at="2025-07-03T08:23:00 UTC" duration-ms="10538" status="PASS">
          <reporter-output>
            <line>
              <![CDATA[Finding element using: name:-:username]]>
            </line>
            <line>
              <![CDATA[Finding element, try0 with locator:name:-:username]]>
            </line>
            <line>
              <![CDATA[Finding element, try1 with locator:name:-:username]]>
            </line>
            <line>
              <![CDATA[Finding element using: name:-:password]]>
            </line>
            <line>
              <![CDATA[Finding element, try0 with locator:name:-:password]]>
            </line>
            <line>
              <![CDATA[Finding element using: xpath:-://button[text()='Login']]]>
            </line>
            <line>
              <![CDATA[Finding element, try0 with locator:xpath:-://button[text()='Login']]]>
            </line>
            <line>
              <![CDATA[Finding element using: xpath:-:((//tr)[2]//td//input[@type='number'])[1]]]>
            </line>
            <line>
              <![CDATA[Finding element, try0 with locator:xpath:-:((//tr)[2]//td//input[@type='number'])[1]]]>
            </line>
            <line>
              <![CDATA[Finding element using: xpath:-:((//tr)[2]//td//input[@type='number'])[1]]]>
            </line>
            <line>
              <![CDATA[Finding element, try0 with locator:xpath:-:((//tr)[2]//td//input[@type='number'])[1]]]>
            </line>
            <line>
              <![CDATA[Finding element using: xpath:-:((//tr)[2]//td//input[@type='number'])[2]]]>
            </line>
            <line>
              <![CDATA[Finding element, try0 with locator:xpath:-:((//tr)[2]//td//input[@type='number'])[2]]]>
            </line>
            <line>
              <![CDATA[Finding element using: xpath:-:((//tr)[2]//td//input[@type='number'])[2]]]>
            </line>
            <line>
              <![CDATA[Finding element, try0 with locator:xpath:-:((//tr)[2]//td//input[@type='number'])[2]]]>
            </line>
            <line>
              <![CDATA[Finding element using: xpath:-:((//tr)[2]//td//input[@type='number'])[3]]]>
            </line>
            <line>
              <![CDATA[Finding element, try0 with locator:xpath:-:((//tr)[2]//td//input[@type='number'])[3]]]>
            </line>
            <line>
              <![CDATA[Finding element using: xpath:-:((//tr)[2]//td//input[@type='number'])[3]]]>
            </line>
            <line>
              <![CDATA[Finding element, try0 with locator:xpath:-:((//tr)[2]//td//input[@type='number'])[3]]]>
            </line>
            <line>
              <![CDATA[Finding element using: xpath:-:((//tr)[3]//td//input[@type='number'])[1]]]>
            </line>
            <line>
              <![CDATA[Finding element, try0 with locator:xpath:-:((//tr)[3]//td//input[@type='number'])[1]]]>
            </line>
            <line>
              <![CDATA[Finding element using: xpath:-:((//tr)[3]//td//input[@type='number'])[1]]]>
            </line>
            <line>
              <![CDATA[Finding element, try0 with locator:xpath:-:((//tr)[3]//td//input[@type='number'])[1]]]>
            </line>
            <line>
              <![CDATA[Finding element using: xpath:-:((//tr)[3]//td//input[@type='number'])[2]]]>
            </line>
            <line>
              <![CDATA[Finding element, try0 with locator:xpath:-:((//tr)[3]//td//input[@type='number'])[2]]]>
            </line>
            <line>
              <![CDATA[Finding element using: xpath:-:((//tr)[3]//td//input[@type='number'])[2]]]>
            </line>
            <line>
              <![CDATA[Finding element, try0 with locator:xpath:-:((//tr)[3]//td//input[@type='number'])[2]]]>
            </line>
            <line>
              <![CDATA[Finding element using: xpath:-:((//tr)[3]//td//input[@type='number'])[3]]]>
            </line>
            <line>
              <![CDATA[Finding element, try0 with locator:xpath:-:((//tr)[3]//td//input[@type='number'])[3]]]>
            </line>
            <line>
              <![CDATA[Finding element using: xpath:-:((//tr)[3]//td//input[@type='number'])[3]]]>
            </line>
            <line>
              <![CDATA[Finding element, try0 with locator:xpath:-:((//tr)[3]//td//input[@type='number'])[3]]]>
            </line>
            <line>
              <![CDATA[Finding element using: xpath:-:((//tr)[4]//td//input[@type='number'])[1]]]>
            </line>
            <line>
              <![CDATA[Finding element, try0 with locator:xpath:-:((//tr)[4]//td//input[@type='number'])[1]]]>
            </line>
            <line>
              <![CDATA[Finding element using: xpath:-:((//tr)[4]//td//input[@type='number'])[1]]]>
            </line>
            <line>
              <![CDATA[Finding element, try0 with locator:xpath:-:((//tr)[4]//td//input[@type='number'])[1]]]>
            </line>
            <line>
              <![CDATA[Finding element using: xpath:-:((//tr)[4]//td//input[@type='number'])[2]]]>
            </line>
            <line>
              <![CDATA[Finding element, try0 with locator:xpath:-:((//tr)[4]//td//input[@type='number'])[2]]]>
            </line>
            <line>
              <![CDATA[Finding element using: xpath:-:((//tr)[4]//td//input[@type='number'])[2]]]>
            </line>
            <line>
              <![CDATA[Finding element, try0 with locator:xpath:-:((//tr)[4]//td//input[@type='number'])[2]]]>
            </line>
            <line>
              <![CDATA[Finding element using: xpath:-:((//tr)[4]//td//input[@type='number'])[3]]]>
            </line>
            <line>
              <![CDATA[Finding element, try0 with locator:xpath:-:((//tr)[4]//td//input[@type='number'])[3]]]>
            </line>
            <line>
              <![CDATA[Finding element using: xpath:-:((//tr)[4]//td//input[@type='number'])[3]]]>
            </line>
            <line>
              <![CDATA[Finding element, try0 with locator:xpath:-:((//tr)[4]//td//input[@type='number'])[3]]]>
            </line>
            <line>
              <![CDATA[Finding element using: xpath:-:((//tr)[5]//td//input[@type='number'])[1]]]>
            </line>
            <line>
              <![CDATA[Finding element, try0 with locator:xpath:-:((//tr)[5]//td//input[@type='number'])[1]]]>
            </line>
            <line>
              <![CDATA[Finding element using: xpath:-:((//tr)[5]//td//input[@type='number'])[1]]]>
            </line>
            <line>
              <![CDATA[Finding element, try0 with locator:xpath:-:((//tr)[5]//td//input[@type='number'])[1]]]>
            </line>
            <line>
              <![CDATA[Finding element using: xpath:-:((//tr)[5]//td//input[@type='number'])[2]]]>
            </line>
            <line>
              <![CDATA[Finding element, try0 with locator:xpath:-:((//tr)[5]//td//input[@type='number'])[2]]]>
            </line>
            <line>
              <![CDATA[Finding element using: xpath:-:((//tr)[5]//td//input[@type='number'])[2]]]>
            </line>
            <line>
              <![CDATA[Finding element, try0 with locator:xpath:-:((//tr)[5]//td//input[@type='number'])[2]]]>
            </line>
            <line>
              <![CDATA[Finding element using: xpath:-:((//tr)[5]//td//input[@type='number'])[3]]]>
            </line>
            <line>
              <![CDATA[Finding element, try0 with locator:xpath:-:((//tr)[5]//td//input[@type='number'])[3]]]>
            </line>
            <line>
              <![CDATA[Finding element using: xpath:-:((//tr)[5]//td//input[@type='number'])[3]]]>
            </line>
            <line>
              <![CDATA[Finding element, try0 with locator:xpath:-:((//tr)[5]//td//input[@type='number'])[3]]]>
            </line>
            <line>
              <![CDATA[Finding element using: xpath:-:((//tr)[6]//td//input[@type='number'])[1]]]>
            </line>
            <line>
              <![CDATA[Finding element, try0 with locator:xpath:-:((//tr)[6]//td//input[@type='number'])[1]]]>
            </line>
            <line>
              <![CDATA[Finding element using: xpath:-:((//tr)[6]//td//input[@type='number'])[1]]]>
            </line>
            <line>
              <![CDATA[Finding element, try0 with locator:xpath:-:((//tr)[6]//td//input[@type='number'])[1]]]>
            </line>
            <line>
              <![CDATA[Finding element using: xpath:-:((//tr)[6]//td//input[@type='number'])[2]]]>
            </line>
            <line>
              <![CDATA[Finding element, try0 with locator:xpath:-:((//tr)[6]//td//input[@type='number'])[2]]]>
            </line>
            <line>
              <![CDATA[Finding element using: xpath:-:((//tr)[6]//td//input[@type='number'])[2]]]>
            </line>
            <line>
              <![CDATA[Finding element, try0 with locator:xpath:-:((//tr)[6]//td//input[@type='number'])[2]]]>
            </line>
            <line>
              <![CDATA[Finding element using: xpath:-:((//tr)[6]//td//input[@type='number'])[3]]]>
            </line>
            <line>
              <![CDATA[Finding element, try0 with locator:xpath:-:((//tr)[6]//td//input[@type='number'])[3]]]>
            </line>
            <line>
              <![CDATA[Finding element using: xpath:-:((//tr)[6]//td//input[@type='number'])[3]]]>
            </line>
            <line>
              <![CDATA[Finding element, try0 with locator:xpath:-:((//tr)[6]//td//input[@type='number'])[3]]]>
            </line>
            <line>
              <![CDATA[Finding element using: xpath:-:((//tr)[7]//td//input[@type='number'])[1]]]>
            </line>
            <line>
              <![CDATA[Finding element, try0 with locator:xpath:-:((//tr)[7]//td//input[@type='number'])[1]]]>
            </line>
            <line>
              <![CDATA[Finding element using: xpath:-:((//tr)[7]//td//input[@type='number'])[1]]]>
            </line>
            <line>
              <![CDATA[Finding element, try0 with locator:xpath:-:((//tr)[7]//td//input[@type='number'])[1]]]>
            </line>
            <line>
              <![CDATA[Finding element using: xpath:-:((//tr)[7]//td//input[@type='number'])[2]]]>
            </line>
            <line>
              <![CDATA[Finding element, try0 with locator:xpath:-:((//tr)[7]//td//input[@type='number'])[2]]]>
            </line>
            <line>
              <![CDATA[Finding element using: xpath:-:((//tr)[7]//td//input[@type='number'])[2]]]>
            </line>
            <line>
              <![CDATA[Finding element, try0 with locator:xpath:-:((//tr)[7]//td//input[@type='number'])[2]]]>
            </line>
            <line>
              <![CDATA[Finding element using: xpath:-:((//tr)[7]//td//input[@type='number'])[3]]]>
            </line>
            <line>
              <![CDATA[Finding element, try0 with locator:xpath:-:((//tr)[7]//td//input[@type='number'])[3]]]>
            </line>
            <line>
              <![CDATA[Finding element using: xpath:-:((//tr)[7]//td//input[@type='number'])[3]]]>
            </line>
            <line>
              <![CDATA[Finding element, try0 with locator:xpath:-:((//tr)[7]//td//input[@type='number'])[3]]]>
            </line>
            <line>
              <![CDATA[Finding element using: xpath:-:((//tr)[8]//td//input[@type='number'])[1]]]>
            </line>
            <line>
              <![CDATA[Finding element, try0 with locator:xpath:-:((//tr)[8]//td//input[@type='number'])[1]]]>
            </line>
            <line>
              <![CDATA[Finding element using: xpath:-:((//tr)[8]//td//input[@type='number'])[1]]]>
            </line>
            <line>
              <![CDATA[Finding element, try0 with locator:xpath:-:((//tr)[8]//td//input[@type='number'])[1]]]>
            </line>
            <line>
              <![CDATA[Finding element using: xpath:-:((//tr)[8]//td//input[@type='number'])[2]]]>
            </line>
            <line>
              <![CDATA[Finding element, try0 with locator:xpath:-:((//tr)[8]//td//input[@type='number'])[2]]]>
            </line>
            <line>
              <![CDATA[Finding element using: xpath:-:((//tr)[8]//td//input[@type='number'])[2]]]>
            </line>
            <line>
              <![CDATA[Finding element, try0 with locator:xpath:-:((//tr)[8]//td//input[@type='number'])[2]]]>
            </line>
            <line>
              <![CDATA[Finding element using: xpath:-:((//tr)[8]//td//input[@type='number'])[3]]]>
            </line>
            <line>
              <![CDATA[Finding element, try0 with locator:xpath:-:((//tr)[8]//td//input[@type='number'])[3]]]>
            </line>
            <line>
              <![CDATA[Finding element using: xpath:-:((//tr)[8]//td//input[@type='number'])[3]]]>
            </line>
            <line>
              <![CDATA[Finding element, try0 with locator:xpath:-:((//tr)[8]//td//input[@type='number'])[3]]]>
            </line>
          </reporter-output>
        </test-method> <!-- vaueTest -->
        <test-method is-config="true" signature="checkAlerts(org.testng.ITestResult)[pri:0, instance:com.shfwd.smokeTest.DashboardTest@7c469c48]" started-at="2025-07-03T08:23:00 UTC" name="checkAlerts" finished-at="2025-07-03T08:23:00 UTC" duration-ms="129" status="PASS">
          <params>
            <param index="0">
              <value>
                <![CDATA[[TestResult name=vaueTest status=SUCCESS method=DashboardTest.vaueTest()[pri:0, instance:com.shfwd.smokeTest.DashboardTest@7c469c48] output=Finding element using: name:-:username]]]>
              </value>
            </param>
          </params>
          <reporter-output>
          </reporter-output>
        </test-method> <!-- checkAlerts -->
        <test-method is-config="true" signature="quitBrowser()[pri:0, instance:com.shfwd.smokeTest.DashboardTest@7c469c48]" started-at="2025-07-03T08:23:00 UTC" name="quitBrowser" finished-at="2025-07-03T08:23:00 UTC" duration-ms="3" status="PASS">
          <reporter-output>
            <line>
              <![CDATA[Closing the Browser Successfully]]>
            </line>
          </reporter-output>
        </test-method> <!-- quitBrowser -->
      </class> <!-- com.shfwd.smokeTest.DashboardTest -->
    </test> <!-- SignUpValidationTest -->
    <test started-at="2025-07-03T08:22:49 UTC" name="SignUpValidationTest1" finished-at="2025-07-03T08:23:01 UTC" duration-ms="11473">
      <class name="com.shfwd.smokeTest.DashboardTest">
        <test-method is-config="true" signature="cleanUp()[pri:0, instance:com.shfwd.smokeTest.DashboardTest@7880cdf3]" started-at="2025-07-03T08:22:49 UTC" name="cleanUp" finished-at="2025-07-03T08:22:49 UTC" duration-ms="8" status="PASS">
          <reporter-output>
          </reporter-output>
        </test-method> <!-- cleanUp -->
        <test-method is-config="true" signature="setUp(org.testng.ITestContext)[pri:0, instance:com.shfwd.smokeTest.DashboardTest@7880cdf3]" started-at="2025-07-03T08:22:49 UTC" name="setUp" finished-at="2025-07-03T08:22:49 UTC" duration-ms="62" status="PASS">
          <params>
            <param index="0">
              <value>
                <![CDATA[org.testng.TestRunner@74e52303]]>
              </value>
            </param>
          </params>
          <reporter-output>
          </reporter-output>
        </test-method> <!-- setUp -->
        <test-method is-config="true" signature="setUp()[pri:0, instance:com.shfwd.smokeTest.DashboardTest@7880cdf3]" started-at="2025-07-03T08:22:49 UTC" name="setUp" finished-at="2025-07-03T08:22:49 UTC" duration-ms="8" status="PASS">
          <reporter-output>
            <line>
              <![CDATA[url:http://apis-laboriosa.resonanzgroup.com/login]]>
            </line>
            <line>
              <![CDATA[browserName:chrome]]>
            </line>
            <line>
              <![CDATA[driverAgent:null]]>
            </line>
            <line>
              <![CDATA[executionEnvironment:local]]>
            </line>
            <line>
              <![CDATA[browserStackUserName:null]]>
            </line>
            <line>
              <![CDATA[browserStackAuthKey:null]]>
            </line>
            <line>
              <![CDATA[browserStackBrowserVersion:null]]>
            </line>
            <line>
              <![CDATA[browserStackOSVersion:null]]>
            </line>
            <line>
              <![CDATA[os:null]]>
            </line>
            <line>
              <![CDATA[outputPath:output]]>
            </line>
          </reporter-output>
        </test-method> <!-- setUp -->
        <test-method signature="vaueTest()[pri:0, instance:com.shfwd.smokeTest.DashboardTest@7880cdf3]" started-at="2025-07-03T08:22:49 UTC" name="vaueTest" finished-at="2025-07-03T08:23:01 UTC" duration-ms="11296" status="PASS">
          <reporter-output>
            <line>
              <![CDATA[Finding element using: name:-:username]]>
            </line>
            <line>
              <![CDATA[Finding element, try0 with locator:name:-:username]]>
            </line>
            <line>
              <![CDATA[Finding element, try1 with locator:name:-:username]]>
            </line>
            <line>
              <![CDATA[Finding element using: name:-:password]]>
            </line>
            <line>
              <![CDATA[Finding element, try0 with locator:name:-:password]]>
            </line>
            <line>
              <![CDATA[Finding element using: xpath:-://button[text()='Login']]]>
            </line>
            <line>
              <![CDATA[Finding element, try0 with locator:xpath:-://button[text()='Login']]]>
            </line>
            <line>
              <![CDATA[Finding element using: xpath:-:((//tr)[2]//td//input[@type='number'])[1]]]>
            </line>
            <line>
              <![CDATA[Finding element, try0 with locator:xpath:-:((//tr)[2]//td//input[@type='number'])[1]]]>
            </line>
            <line>
              <![CDATA[Finding element using: xpath:-:((//tr)[2]//td//input[@type='number'])[1]]]>
            </line>
            <line>
              <![CDATA[Finding element, try0 with locator:xpath:-:((//tr)[2]//td//input[@type='number'])[1]]]>
            </line>
            <line>
              <![CDATA[Finding element using: xpath:-:((//tr)[2]//td//input[@type='number'])[2]]]>
            </line>
            <line>
              <![CDATA[Finding element, try0 with locator:xpath:-:((//tr)[2]//td//input[@type='number'])[2]]]>
            </line>
            <line>
              <![CDATA[Finding element using: xpath:-:((//tr)[2]//td//input[@type='number'])[2]]]>
            </line>
            <line>
              <![CDATA[Finding element, try0 with locator:xpath:-:((//tr)[2]//td//input[@type='number'])[2]]]>
            </line>
            <line>
              <![CDATA[Finding element using: xpath:-:((//tr)[2]//td//input[@type='number'])[3]]]>
            </line>
            <line>
              <![CDATA[Finding element, try0 with locator:xpath:-:((//tr)[2]//td//input[@type='number'])[3]]]>
            </line>
            <line>
              <![CDATA[Finding element using: xpath:-:((//tr)[2]//td//input[@type='number'])[3]]]>
            </line>
            <line>
              <![CDATA[Finding element, try0 with locator:xpath:-:((//tr)[2]//td//input[@type='number'])[3]]]>
            </line>
            <line>
              <![CDATA[Finding element using: xpath:-:((//tr)[3]//td//input[@type='number'])[1]]]>
            </line>
            <line>
              <![CDATA[Finding element, try0 with locator:xpath:-:((//tr)[3]//td//input[@type='number'])[1]]]>
            </line>
            <line>
              <![CDATA[Finding element using: xpath:-:((//tr)[3]//td//input[@type='number'])[1]]]>
            </line>
            <line>
              <![CDATA[Finding element, try0 with locator:xpath:-:((//tr)[3]//td//input[@type='number'])[1]]]>
            </line>
            <line>
              <![CDATA[Finding element using: xpath:-:((//tr)[3]//td//input[@type='number'])[2]]]>
            </line>
            <line>
              <![CDATA[Finding element, try0 with locator:xpath:-:((//tr)[3]//td//input[@type='number'])[2]]]>
            </line>
            <line>
              <![CDATA[Finding element using: xpath:-:((//tr)[3]//td//input[@type='number'])[2]]]>
            </line>
            <line>
              <![CDATA[Finding element, try0 with locator:xpath:-:((//tr)[3]//td//input[@type='number'])[2]]]>
            </line>
            <line>
              <![CDATA[Finding element using: xpath:-:((//tr)[3]//td//input[@type='number'])[3]]]>
            </line>
            <line>
              <![CDATA[Finding element, try0 with locator:xpath:-:((//tr)[3]//td//input[@type='number'])[3]]]>
            </line>
            <line>
              <![CDATA[Finding element using: xpath:-:((//tr)[3]//td//input[@type='number'])[3]]]>
            </line>
            <line>
              <![CDATA[Finding element, try0 with locator:xpath:-:((//tr)[3]//td//input[@type='number'])[3]]]>
            </line>
            <line>
              <![CDATA[Finding element using: xpath:-:((//tr)[4]//td//input[@type='number'])[1]]]>
            </line>
            <line>
              <![CDATA[Finding element, try0 with locator:xpath:-:((//tr)[4]//td//input[@type='number'])[1]]]>
            </line>
            <line>
              <![CDATA[Finding element using: xpath:-:((//tr)[4]//td//input[@type='number'])[1]]]>
            </line>
            <line>
              <![CDATA[Finding element, try0 with locator:xpath:-:((//tr)[4]//td//input[@type='number'])[1]]]>
            </line>
            <line>
              <![CDATA[Finding element using: xpath:-:((//tr)[4]//td//input[@type='number'])[2]]]>
            </line>
            <line>
              <![CDATA[Finding element, try0 with locator:xpath:-:((//tr)[4]//td//input[@type='number'])[2]]]>
            </line>
            <line>
              <![CDATA[Finding element using: xpath:-:((//tr)[4]//td//input[@type='number'])[2]]]>
            </line>
            <line>
              <![CDATA[Finding element, try0 with locator:xpath:-:((//tr)[4]//td//input[@type='number'])[2]]]>
            </line>
            <line>
              <![CDATA[Finding element using: xpath:-:((//tr)[4]//td//input[@type='number'])[3]]]>
            </line>
            <line>
              <![CDATA[Finding element, try0 with locator:xpath:-:((//tr)[4]//td//input[@type='number'])[3]]]>
            </line>
            <line>
              <![CDATA[Finding element using: xpath:-:((//tr)[4]//td//input[@type='number'])[3]]]>
            </line>
            <line>
              <![CDATA[Finding element, try0 with locator:xpath:-:((//tr)[4]//td//input[@type='number'])[3]]]>
            </line>
            <line>
              <![CDATA[Finding element using: xpath:-:((//tr)[5]//td//input[@type='number'])[1]]]>
            </line>
            <line>
              <![CDATA[Finding element, try0 with locator:xpath:-:((//tr)[5]//td//input[@type='number'])[1]]]>
            </line>
            <line>
              <![CDATA[Finding element using: xpath:-:((//tr)[5]//td//input[@type='number'])[1]]]>
            </line>
            <line>
              <![CDATA[Finding element, try0 with locator:xpath:-:((//tr)[5]//td//input[@type='number'])[1]]]>
            </line>
            <line>
              <![CDATA[Finding element using: xpath:-:((//tr)[5]//td//input[@type='number'])[2]]]>
            </line>
            <line>
              <![CDATA[Finding element, try0 with locator:xpath:-:((//tr)[5]//td//input[@type='number'])[2]]]>
            </line>
            <line>
              <![CDATA[Finding element using: xpath:-:((//tr)[5]//td//input[@type='number'])[2]]]>
            </line>
            <line>
              <![CDATA[Finding element, try0 with locator:xpath:-:((//tr)[5]//td//input[@type='number'])[2]]]>
            </line>
            <line>
              <![CDATA[Finding element using: xpath:-:((//tr)[5]//td//input[@type='number'])[3]]]>
            </line>
            <line>
              <![CDATA[Finding element, try0 with locator:xpath:-:((//tr)[5]//td//input[@type='number'])[3]]]>
            </line>
            <line>
              <![CDATA[Finding element using: xpath:-:((//tr)[5]//td//input[@type='number'])[3]]]>
            </line>
            <line>
              <![CDATA[Finding element, try0 with locator:xpath:-:((//tr)[5]//td//input[@type='number'])[3]]]>
            </line>
            <line>
              <![CDATA[Finding element using: xpath:-:((//tr)[6]//td//input[@type='number'])[1]]]>
            </line>
            <line>
              <![CDATA[Finding element, try0 with locator:xpath:-:((//tr)[6]//td//input[@type='number'])[1]]]>
            </line>
            <line>
              <![CDATA[Finding element using: xpath:-:((//tr)[6]//td//input[@type='number'])[1]]]>
            </line>
            <line>
              <![CDATA[Finding element, try0 with locator:xpath:-:((//tr)[6]//td//input[@type='number'])[1]]]>
            </line>
            <line>
              <![CDATA[Finding element using: xpath:-:((//tr)[6]//td//input[@type='number'])[2]]]>
            </line>
            <line>
              <![CDATA[Finding element, try0 with locator:xpath:-:((//tr)[6]//td//input[@type='number'])[2]]]>
            </line>
            <line>
              <![CDATA[Finding element using: xpath:-:((//tr)[6]//td//input[@type='number'])[2]]]>
            </line>
            <line>
              <![CDATA[Finding element, try0 with locator:xpath:-:((//tr)[6]//td//input[@type='number'])[2]]]>
            </line>
            <line>
              <![CDATA[Finding element using: xpath:-:((//tr)[6]//td//input[@type='number'])[3]]]>
            </line>
            <line>
              <![CDATA[Finding element, try0 with locator:xpath:-:((//tr)[6]//td//input[@type='number'])[3]]]>
            </line>
            <line>
              <![CDATA[Finding element using: xpath:-:((//tr)[6]//td//input[@type='number'])[3]]]>
            </line>
            <line>
              <![CDATA[Finding element, try0 with locator:xpath:-:((//tr)[6]//td//input[@type='number'])[3]]]>
            </line>
            <line>
              <![CDATA[Finding element using: xpath:-:((//tr)[7]//td//input[@type='number'])[1]]]>
            </line>
            <line>
              <![CDATA[Finding element, try0 with locator:xpath:-:((//tr)[7]//td//input[@type='number'])[1]]]>
            </line>
            <line>
              <![CDATA[Finding element using: xpath:-:((//tr)[7]//td//input[@type='number'])[1]]]>
            </line>
            <line>
              <![CDATA[Finding element, try0 with locator:xpath:-:((//tr)[7]//td//input[@type='number'])[1]]]>
            </line>
            <line>
              <![CDATA[Finding element using: xpath:-:((//tr)[7]//td//input[@type='number'])[2]]]>
            </line>
            <line>
              <![CDATA[Finding element, try0 with locator:xpath:-:((//tr)[7]//td//input[@type='number'])[2]]]>
            </line>
            <line>
              <![CDATA[Finding element using: xpath:-:((//tr)[7]//td//input[@type='number'])[2]]]>
            </line>
            <line>
              <![CDATA[Finding element, try0 with locator:xpath:-:((//tr)[7]//td//input[@type='number'])[2]]]>
            </line>
            <line>
              <![CDATA[Finding element using: xpath:-:((//tr)[7]//td//input[@type='number'])[3]]]>
            </line>
            <line>
              <![CDATA[Finding element, try0 with locator:xpath:-:((//tr)[7]//td//input[@type='number'])[3]]]>
            </line>
            <line>
              <![CDATA[Finding element using: xpath:-:((//tr)[7]//td//input[@type='number'])[3]]]>
            </line>
            <line>
              <![CDATA[Finding element, try0 with locator:xpath:-:((//tr)[7]//td//input[@type='number'])[3]]]>
            </line>
            <line>
              <![CDATA[Finding element using: xpath:-:((//tr)[8]//td//input[@type='number'])[1]]]>
            </line>
            <line>
              <![CDATA[Finding element, try0 with locator:xpath:-:((//tr)[8]//td//input[@type='number'])[1]]]>
            </line>
            <line>
              <![CDATA[Finding element using: xpath:-:((//tr)[8]//td//input[@type='number'])[1]]]>
            </line>
            <line>
              <![CDATA[Finding element, try0 with locator:xpath:-:((//tr)[8]//td//input[@type='number'])[1]]]>
            </line>
            <line>
              <![CDATA[Finding element using: xpath:-:((//tr)[8]//td//input[@type='number'])[2]]]>
            </line>
            <line>
              <![CDATA[Finding element, try0 with locator:xpath:-:((//tr)[8]//td//input[@type='number'])[2]]]>
            </line>
            <line>
              <![CDATA[Finding element using: xpath:-:((//tr)[8]//td//input[@type='number'])[2]]]>
            </line>
            <line>
              <![CDATA[Finding element, try0 with locator:xpath:-:((//tr)[8]//td//input[@type='number'])[2]]]>
            </line>
            <line>
              <![CDATA[Finding element using: xpath:-:((//tr)[8]//td//input[@type='number'])[3]]]>
            </line>
            <line>
              <![CDATA[Finding element, try0 with locator:xpath:-:((//tr)[8]//td//input[@type='number'])[3]]]>
            </line>
            <line>
              <![CDATA[Finding element using: xpath:-:((//tr)[8]//td//input[@type='number'])[3]]]>
            </line>
            <line>
              <![CDATA[Finding element, try0 with locator:xpath:-:((//tr)[8]//td//input[@type='number'])[3]]]>
            </line>
          </reporter-output>
        </test-method> <!-- vaueTest -->
        <test-method is-config="true" signature="checkAlerts(org.testng.ITestResult)[pri:0, instance:com.shfwd.smokeTest.DashboardTest@7880cdf3]" started-at="2025-07-03T08:23:01 UTC" name="checkAlerts" finished-at="2025-07-03T08:23:01 UTC" duration-ms="85" status="PASS">
          <params>
            <param index="0">
              <value>
                <![CDATA[[TestResult name=vaueTest status=SUCCESS method=DashboardTest.vaueTest()[pri:0, instance:com.shfwd.smokeTest.DashboardTest@7880cdf3] output=Finding element using: name:-:username]]]>
              </value>
            </param>
          </params>
          <reporter-output>
          </reporter-output>
        </test-method> <!-- checkAlerts -->
        <test-method is-config="true" signature="quitBrowser()[pri:0, instance:com.shfwd.smokeTest.DashboardTest@7880cdf3]" started-at="2025-07-03T08:23:01 UTC" name="quitBrowser" finished-at="2025-07-03T08:23:01 UTC" duration-ms="0" status="PASS">
          <reporter-output>
            <line>
              <![CDATA[Closing the Browser Successfully]]>
            </line>
          </reporter-output>
        </test-method> <!-- quitBrowser -->
      </class> <!-- com.shfwd.smokeTest.DashboardTest -->
    </test> <!-- SignUpValidationTest1 -->
  </suite> <!-- Regression -->
</testng-results>
