<?xml version="1.0" encoding="UTF-8"?>
<!-- Generated by org.testng.reporters.JUnitReportReporter -->
<testsuite hostname="fv-az1300-654" failures="0" tests="1" name="com.shfwd.smokeTest.DashboardTest2" time="54.078" errors="0" timestamp="2025-07-03T08:30:13 UTC" skipped="0">
  <testcase classname="com.shfwd.smokeTest.DashboardTest2" name="vaueTest" time="54.078"/>
  <system-out>
    <![CDATA[Finding element using: name:-:username
Finding element, try0 with locator:name:-:username
Finding element, try1 with locator:name:-:username
Finding element using: name:-:password
Finding element, try0 with locator:name:-:password
Finding element using: xpath:-://button[text()='Login']
Finding element, try0 with locator:xpath:-://button[text()='Login']]]>
  </system-out>
</testsuite> <!-- com.shfwd.smokeTest.DashboardTest2 -->
